<?xml version="1.0" encoding="UTF-8"?>
<!-- Generated by org.testng.reporters.JUnitXMLReporter -->
<testsuite ignored="1" hostname="3b7b2133aad05b1" failures="8" tests="25" name="Chrome Tests" time="215.142" errors="0" timestamp="2025-09-28T22:36:08 IST">
  <testcase classname="tests.LoginTests" name="loginWithValidData" time="4.832"/>
  <testcase classname="tests.LoginTests" name="loginWithValidData" time="5.19"/>
  <testcase classname="tests.LoginTests" name="loginWithValidData" time="5.106"/>
  <testcase classname="tests.LoginTests" name="loginWithInvalidData" time="3.04"/>
  <testcase classname="tests.LoginTests" name="loginWithInvalidData" time="3.101"/>
  <testcase classname="tests.LoginTests" name="loginWithInvalidData" time="2.107"/>
  <testcase classname="tests.LoginTests" name="loginWithEmptyFields" time="1.047"/>
  <testcase classname="tests.LoginTests" name="loginWithEmptyFields" time="1.257"/>
  <testcase classname="tests.RegistrationTest" name="testSignUp" time="2.187">
    <failure type="java.lang.AssertionError" message="Testcase failed. Registration blocked: User already exists.">
      <![CDATA[java.lang.AssertionError: Testcase failed. Registration blocked: User already exists.
at tests.RegistrationTest.testSignUp(RegistrationTest.java:67)
at java.base/java.util.ArrayList.forEach(ArrayList.java:1596)
at java.base/java.util.concurrent.FutureTask.run(FutureTask.java:317)
at java.base/java.util.concurrent.ThreadPoolExecutor.runWorker(ThreadPoolExecutor.java:1144)
at java.base/java.util.concurrent.ThreadPoolExecutor$Worker.run(ThreadPoolExecutor.java:642)
at java.base/java.lang.Thread.run(Thread.java:1583)
... Removed 16 stack frames]]>
    </failure>
  </testcase> <!-- testSignUp -->
  <testcase classname="tests.SearchTests" name="testSearchByCategory" time="2.855"/>
  <testcase classname="tests.SearchTests" name="testSearchByCategory" time="0.734">
    <failure type="org.openqa.selenium.StaleElementReferenceException" message="stale element reference: stale element not found in the current frame
  (Session info: chrome=140.0.7339.207)
For documentation on this error, please visit: https://www.selenium.dev/documentation/webdriver/troubleshooting/errors#stale-element-reference-exception
Build info: version: &amp;apos;4.15.0&amp;apos;, revision: &amp;apos;1d14b5521b&amp;apos;
System info: os.name: &amp;apos;Windows 10&amp;apos;, os.arch: &amp;apos;amd64&amp;apos;, os.version: &amp;apos;10.0&amp;apos;, java.version: &amp;apos;21.0.7&amp;apos;
Driver info: org.openqa.selenium.chrome.ChromeDriver
Command: [49f7368895d6b717d9b40e53ab83284c, isElementDisplayed {id=f.F692D56B9011EC5683F46FF5621A5C20.d.AF6B8CF4BF2D54DCF4B82E4659047320.e.89}]
Capabilities {acceptInsecureCerts: false, browserName: chrome, browserVersion: 140.0.7339.207, chrome: {chromedriverVersion: 140.0.7339.207 (17230b545fd..., userDataDir: C:\Windows\SystemTemp\scope...}, fedcm:accounts: true, goog:chromeOptions: {debuggerAddress: localhost:59271}, networkConnectionEnabled: false, pageLoadStrategy: normal, platformName: windows, proxy: Proxy(), se:cdp: ws://localhost:59271/devtoo..., se:cdpVersion: 140.0.7339.207, setWindowRect: true, strictFileInteractability: false, timeouts: {implicit: 0, pageLoad: 300000, script: 30000}, unhandledPromptBehavior: dismiss and notify, webauthn:extension:credBlob: true, webauthn:extension:largeBlob: true, webauthn:extension:minPinLength: true, webauthn:extension:prf: true, webauthn:virtualAuthenticators: true}
Element: [[ChromeDriver: chrome on windows (49f7368895d6b717d9b40e53ab83284c)] -&amp;gt; css selector: .card-title]
Session ID: 49f7368895d6b717d9b40e53ab83284c">
      <![CDATA[org.openqa.selenium.StaleElementReferenceException: stale element reference: stale element not found in the current frame
  (Session info: chrome=140.0.7339.207)
For documentation on this error, please visit: https://www.selenium.dev/documentation/webdriver/troubleshooting/errors#stale-element-reference-exception
Build info: version: '4.15.0', revision: '1d14b5521b'
System info: os.name: 'Windows 10', os.arch: 'amd64', os.version: '10.0', java.version: '21.0.7'
Driver info: org.openqa.selenium.chrome.ChromeDriver
Command: [49f7368895d6b717d9b40e53ab83284c, isElementDisplayed {id=f.F692D56B9011EC5683F46FF5621A5C20.d.AF6B8CF4BF2D54DCF4B82E4659047320.e.89}]
Capabilities {acceptInsecureCerts: false, browserName: chrome, browserVersion: 140.0.7339.207, chrome: {chromedriverVersion: 140.0.7339.207 (17230b545fd..., userDataDir: C:\Windows\SystemTemp\scope...}, fedcm:accounts: true, goog:chromeOptions: {debuggerAddress: localhost:59271}, networkConnectionEnabled: false, pageLoadStrategy: normal, platformName: windows, proxy: Proxy(), se:cdp: ws://localhost:59271/devtoo..., se:cdpVersion: 140.0.7339.207, setWindowRect: true, strictFileInteractability: false, timeouts: {implicit: 0, pageLoad: 300000, script: 30000}, unhandledPromptBehavior: dismiss and notify, webauthn:extension:credBlob: true, webauthn:extension:largeBlob: true, webauthn:extension:minPinLength: true, webauthn:extension:prf: true, webauthn:virtualAuthenticators: true}
Element: [[ChromeDriver: chrome on windows (49f7368895d6b717d9b40e53ab83284c)] -> css selector: .card-title]
Session ID: 49f7368895d6b717d9b40e53ab83284c
at org.openqa.selenium.remote.codec.w3c.W3CHttpResponseCodec.createException(W3CHttpResponseCodec.java:200)
at org.openqa.selenium.remote.codec.w3c.W3CHttpResponseCodec.decode(W3CHttpResponseCodec.java:133)
at org.openqa.selenium.remote.codec.w3c.W3CHttpResponseCodec.decode(W3CHttpResponseCodec.java:52)
at org.openqa.selenium.remote.HttpCommandExecutor.execute(HttpCommandExecutor.java:191)
at org.openqa.selenium.remote.service.DriverCommandExecutor.invokeExecute(DriverCommandExecutor.java:200)
at org.openqa.selenium.remote.service.DriverCommandExecutor.execute(DriverCommandExecutor.java:175)
at org.openqa.selenium.remote.RemoteWebDriver.execute(RemoteWebDriver.java:607)
at org.openqa.selenium.remote.RemoteWebElement.execute(RemoteWebElement.java:224)
at org.openqa.selenium.remote.RemoteWebElement.isDisplayed(RemoteWebElement.java:283)
at org.openqa.selenium.support.ui.ExpectedConditions$9.apply(ExpectedConditions.java:264)
at org.openqa.selenium.support.ui.ExpectedConditions$9.apply(ExpectedConditions.java:260)
at org.openqa.selenium.support.ui.FluentWait.until(FluentWait.java:204)
at tests.SearchTests.testSearchByCategory(SearchTests.java:88)
at java.base/java.util.ArrayList.forEach(ArrayList.java:1596)
at java.base/java.util.concurrent.FutureTask.run(FutureTask.java:317)
at java.base/java.util.concurrent.ThreadPoolExecutor.runWorker(ThreadPoolExecutor.java:1144)
at java.base/java.util.concurrent.ThreadPoolExecutor$Worker.run(ThreadPoolExecutor.java:642)
at java.base/java.lang.Thread.run(Thread.java:1583)
... Removed 18 stack frames]]>
    </failure>
  </testcase> <!-- testSearchByCategory -->
  <testcase classname="tests.SearchTests" name="testSearchByProductName" time="1.113">
    <failure type="java.lang.AssertionError" message="TestCase failed. Product &amp;apos;Sony xperia z5&amp;apos; is not visible.">
      <![CDATA[java.lang.AssertionError: TestCase failed. Product 'Sony xperia z5' is not visible.
at tests.SearchTests.testSearchByProductName(SearchTests.java:67)
at java.base/java.util.ArrayList.forEach(ArrayList.java:1596)
at java.base/java.util.concurrent.FutureTask.run(FutureTask.java:317)
at java.base/java.util.concurrent.ThreadPoolExecutor.runWorker(ThreadPoolExecutor.java:1144)
at java.base/java.util.concurrent.ThreadPoolExecutor$Worker.run(ThreadPoolExecutor.java:642)
at java.base/java.lang.Thread.run(Thread.java:1583)
... Removed 16 stack frames]]>
    </failure>
  </testcase> <!-- testSearchByProductName -->
  <testcase classname="tests.SearchTests" name="testSearchByProductName" time="1.096">
    <failure type="java.lang.AssertionError" message="TestCase failed. Product &amp;apos;Sony vaio i5&amp;apos; is not visible.">
      <![CDATA[java.lang.AssertionError: TestCase failed. Product 'Sony vaio i5' is not visible.
at tests.SearchTests.testSearchByProductName(SearchTests.java:67)
at java.base/java.util.ArrayList.forEach(ArrayList.java:1596)
at java.base/java.util.concurrent.FutureTask.run(FutureTask.java:317)
at java.base/java.util.concurrent.ThreadPoolExecutor.runWorker(ThreadPoolExecutor.java:1144)
at java.base/java.util.concurrent.ThreadPoolExecutor$Worker.run(ThreadPoolExecutor.java:642)
at java.base/java.lang.Thread.run(Thread.java:1583)
... Removed 16 stack frames]]>
    </failure>
  </testcase> <!-- testSearchByProductName -->
  <testcase classname="tests.SearchTests" name="testSearchWithNoResults" time="0.196"/>
  <testcase classname="tests.CartTests" name="testAddProductToCart" time="5.254"/>
  <testcase classname="tests.CartTests" name="testAddProductToCart" time="7.954"/>
  <testcase classname="tests.CartTests" name="testRemoveProductFromCart" time="6.564"/>
  <testcase classname="tests.CartTests" name="testRemoveProductFromCart" time="8.787"/>
  <testcase classname="tests.CartTests" name="testCartPersistenceAcrossSessions" time="12.704">
    <failure type="java.lang.AssertionError" message="Testcase failed: Product was not found after restarting session. expected [true] but found [false]">
      <![CDATA[java.lang.AssertionError: Testcase failed: Product was not found after restarting session. expected [true] but found [false]
at tests.CartTests.testCartPersistenceAcrossSessions(CartTests.java:151)
at java.base/java.util.ArrayList.forEach(ArrayList.java:1596)
at java.base/java.util.concurrent.FutureTask.run(FutureTask.java:317)
at java.base/java.util.concurrent.ThreadPoolExecutor.runWorker(ThreadPoolExecutor.java:1144)
at java.base/java.util.concurrent.ThreadPoolExecutor$Worker.run(ThreadPoolExecutor.java:642)
at java.base/java.lang.Thread.run(Thread.java:1583)
... Removed 18 stack frames]]>
    </failure>
  </testcase> <!-- testCartPersistenceAcrossSessions -->
  <testcase classname="tests.CartTests" name="testPriceCalculationVerification" time="5.342"/>
  <testcase classname="tests.CheckoutTests" name="testForGuestCheckout" time="12.148"/>
  <testcase classname="tests.CheckoutTests" name="testForRegisteredCheckout" time="5.211">
    <failure type="java.lang.RuntimeException" message="Could not find and click product: Sony vaio i5">
      <![CDATA[java.lang.RuntimeException: Could not find and click product: Sony vaio i5
at pages.HomePage.selectProduct(HomePage.java:74)
at tests.CheckoutTests.runCheckoutTest(CheckoutTests.java:75)
at tests.CheckoutTests.testForRegisteredCheckout(CheckoutTests.java:117)
at java.base/java.util.ArrayList.forEach(ArrayList.java:1596)
at java.base/java.util.concurrent.FutureTask.run(FutureTask.java:317)
at java.base/java.util.concurrent.ThreadPoolExecutor.runWorker(ThreadPoolExecutor.java:1144)
at java.base/java.util.concurrent.ThreadPoolExecutor$Worker.run(ThreadPoolExecutor.java:642)
at java.base/java.lang.Thread.run(Thread.java:1583)
Caused by: java.lang.RuntimeException: Click failed on Product: Sony vaio i5
at pages.BasePage.click(BasePage.java:34)
at pages.HomePage.selectProduct(HomePage.java:70)
... 22 more
Caused by: org.openqa.selenium.StaleElementReferenceException: stale element reference: stale element not found
  (Session info: chrome=140.0.7339.207)
For documentation on this error, please visit: https://www.selenium.dev/documentation/webdriver/troubleshooting/errors#stale-element-reference-exception
Build info: version: '4.15.0', revision: '1d14b5521b'
System info: os.name: 'Windows 10', os.arch: 'amd64', os.version: '10.0', java.version: '21.0.7'
Driver info: org.openqa.selenium.chrome.ChromeDriver
Command: [9ee2920811ef13d7ea3a6371176c2a13, clickElement {id=f.B8E06FBDE0DEE55EF92E5B4ECFD02E19.d.E30DE655F6C06CF4927E0A5BADAA4BE9.e.119}]
Capabilities {acceptInsecureCerts: false, browserName: chrome, browserVersion: 140.0.7339.207, chrome: {chromedriverVersion: 140.0.7339.207 (17230b545fd..., userDataDir: C:\Windows\SystemTemp\scope...}, fedcm:accounts: true, goog:chromeOptions: {debuggerAddress: localhost:60371}, networkConnectionEnabled: false, pageLoadStrategy: normal, platformName: windows, proxy: Proxy(), se:cdp: ws://localhost:60371/devtoo..., se:cdpVersion: 140.0.7339.207, setWindowRect: true, strictFileInteractability: false, timeouts: {implicit: 0, pageLoad: 300000, script: 30000}, unhandledPromptBehavior: dismiss and notify, webauthn:extension:credBlob: true, webauthn:extension:largeBlob: true, webauthn:extension:minPinLength: true, webauthn:extension:prf: true, webauthn:virtualAuthenticators: true}
Element: [[ChromeDriver: chrome on windows (9ee2920811ef13d7ea3a6371176c2a13)] -> xpath: //a[@class='hrefch'][text()='Sony vaio i5']]
Session ID: 9ee2920811ef13d7ea3a6371176c2a13
at org.openqa.selenium.remote.codec.w3c.W3CHttpResponseCodec.createException(W3CHttpResponseCodec.java:200)
at org.openqa.selenium.remote.codec.w3c.W3CHttpResponseCodec.decode(W3CHttpResponseCodec.java:133)
at org.openqa.selenium.remote.codec.w3c.W3CHttpResponseCodec.decode(W3CHttpResponseCodec.java:52)
at org.openqa.selenium.remote.HttpCommandExecutor.execute(HttpCommandExecutor.java:191)
at org.openqa.selenium.remote.service.DriverCommandExecutor.invokeExecute(DriverCommandExecutor.java:200)
at org.openqa.selenium.remote.service.DriverCommandExecutor.execute(DriverCommandExecutor.java:175)
at org.openqa.selenium.remote.RemoteWebDriver.execute(RemoteWebDriver.java:607)
at org.openqa.selenium.remote.RemoteWebElement.execute(RemoteWebElement.java:224)
at org.openqa.selenium.remote.RemoteWebElement.click(RemoteWebElement.java:77)
at pages.BasePage.click(BasePage.java:30)
... 23 more
... Removed 18 stack frames]]>
    </failure>
  </testcase> <!-- testForRegisteredCheckout -->
  <testcase classname="tests.CheckoutTests" name="testWithMissingShippingAddress" time="12.77">
    <failure type="java.lang.AssertionError" message="Validation failed for user type: Guest expected [Shipping address required] but found [Thank you for your purchase!]">
      <![CDATA[java.lang.AssertionError: Validation failed for user type: Guest expected [Shipping address required] but found [Thank you for your purchase!]
at tests.CheckoutTests.runCheckoutTest(CheckoutTests.java:104)
at tests.CheckoutTests.testWithMissingShippingAddress(CheckoutTests.java:123)
at java.base/java.util.ArrayList.forEach(ArrayList.java:1596)
at java.base/java.util.concurrent.FutureTask.run(FutureTask.java:317)
at java.base/java.util.concurrent.ThreadPoolExecutor.runWorker(ThreadPoolExecutor.java:1144)
at java.base/java.util.concurrent.ThreadPoolExecutor$Worker.run(ThreadPoolExecutor.java:642)
at java.base/java.lang.Thread.run(Thread.java:1583)
... Removed 20 stack frames]]>
    </failure>
  </testcase> <!-- testWithMissingShippingAddress -->
  <testcase classname="tests.CheckoutTests" name="testWithMissingPaymentMethod" time="0.022">
    <failure type="java.lang.RuntimeException" message="Scenario not found for: Registered, 789 Oak St, TX, ">
      <![CDATA[java.lang.RuntimeException: Scenario not found for: Registered, 789 Oak St, TX, 
at tests.CheckoutTests.lambda$1(CheckoutTests.java:64)
at java.base/java.util.Optional.orElseThrow(Optional.java:403)
at tests.CheckoutTests.getScenario(CheckoutTests.java:64)
at tests.CheckoutTests.testWithMissingPaymentMethod(CheckoutTests.java:128)
at java.base/java.util.ArrayList.forEach(ArrayList.java:1596)
at java.base/java.util.concurrent.FutureTask.run(FutureTask.java:317)
at java.base/java.util.concurrent.ThreadPoolExecutor.runWorker(ThreadPoolExecutor.java:1144)
at java.base/java.util.concurrent.ThreadPoolExecutor$Worker.run(ThreadPoolExecutor.java:642)
at java.base/java.lang.Thread.run(Thread.java:1583)
... Removed 15 stack frames]]>
    </failure>
  </testcase> <!-- testWithMissingPaymentMethod -->
  <testcase classname="tests.CheckoutTests" name="testGuestCheckoutWithDebitCard" time="14.96"/>
  <testcase classname="tests.CartTests" name="testUpdateProductQuantity" time="0.0">
    <ignored/>
  </testcase> <!-- testUpdateProductQuantity -->
</testsuite> <!-- Chrome Tests -->
