<?xml version="1.0" encoding="UTF-8"?>
<!-- Generated by org.testng.reporters.JUnitXMLReporter -->
<testsuite ignored="1" hostname="3b7b2133aad05b1" failures="7" tests="25" name="Chrome Tests" time="214.621" errors="0" timestamp="2025-09-30T21:08:52 IST">
  <testcase classname="tests.LoginTests" name="loginWithValidData" time="4.751"/>
  <testcase classname="tests.LoginTests" name="loginWithValidData" time="4.776"/>
  <testcase classname="tests.LoginTests" name="loginWithValidData" time="4.822"/>
  <testcase classname="tests.LoginTests" name="loginWithInvalidData" time="2.326"/>
  <testcase classname="tests.LoginTests" name="loginWithInvalidData" time="3.143"/>
  <testcase classname="tests.LoginTests" name="loginWithInvalidData" time="1.925"/>
  <testcase classname="tests.LoginTests" name="loginWithEmptyFields" time="1.042"/>
  <testcase classname="tests.LoginTests" name="loginWithEmptyFields" time="1.083"/>
  <testcase classname="tests.RegistrationTest" name="testSignUp" time="3.191">
    <failure type="java.lang.AssertionError" message="Testcase failed. Registration blocked: User already exists.">
      <![CDATA[java.lang.AssertionError: Testcase failed. Registration blocked: User already exists.
at tests.RegistrationTest.testSignUp(RegistrationTest.java:67)
at java.base/java.util.ArrayList.forEach(ArrayList.java:1596)
at java.base/java.util.concurrent.FutureTask.run(FutureTask.java:317)
at java.base/java.util.concurrent.ThreadPoolExecutor.runWorker(ThreadPoolExecutor.java:1144)
at java.base/java.util.concurrent.ThreadPoolExecutor$Worker.run(ThreadPoolExecutor.java:642)
at java.base/java.lang.Thread.run(Thread.java:1583)
... Removed 16 stack frames]]>
    </failure>
  </testcase> <!-- testSignUp -->
  <testcase classname="tests.SearchTests" name="testSearchByCategory" time="2.874"/>
  <testcase classname="tests.SearchTests" name="testSearchByCategory" time="0.728">
    <failure type="org.openqa.selenium.StaleElementReferenceException" message="stale element reference: stale element not found in the current frame
  (Session info: chrome=140.0.7339.208)
For documentation on this error, please visit: https://www.selenium.dev/documentation/webdriver/troubleshooting/errors#stale-element-reference-exception
Build info: version: &amp;apos;4.15.0&amp;apos;, revision: &amp;apos;1d14b5521b&amp;apos;
System info: os.name: &amp;apos;Windows 10&amp;apos;, os.arch: &amp;apos;amd64&amp;apos;, os.version: &amp;apos;10.0&amp;apos;, java.version: &amp;apos;21.0.7&amp;apos;
Driver info: org.openqa.selenium.chrome.ChromeDriver
Command: [de14009066bf67434364aa9033d38dfe, isElementDisplayed {id=f.8B7BA4EE45299888242A3E4697910D6E.d.7E8B673300D4A5AF5CE0B134D5CAED58.e.101}]
Capabilities {acceptInsecureCerts: false, browserName: chrome, browserVersion: 140.0.7339.208, chrome: {chromedriverVersion: 140.0.7339.207 (17230b545fd..., userDataDir: C:\Windows\SystemTemp\scope...}, fedcm:accounts: true, goog:chromeOptions: {debuggerAddress: localhost:52520}, networkConnectionEnabled: false, pageLoadStrategy: normal, platformName: windows, proxy: Proxy(), se:cdp: ws://localhost:52520/devtoo..., se:cdpVersion: 140.0.7339.208, setWindowRect: true, strictFileInteractability: false, timeouts: {implicit: 0, pageLoad: 300000, script: 30000}, unhandledPromptBehavior: dismiss and notify, webauthn:extension:credBlob: true, webauthn:extension:largeBlob: true, webauthn:extension:minPinLength: true, webauthn:extension:prf: true, webauthn:virtualAuthenticators: true}
Element: [[ChromeDriver: chrome on windows (de14009066bf67434364aa9033d38dfe)] -&amp;gt; css selector: .card-title]
Session ID: de14009066bf67434364aa9033d38dfe">
      <![CDATA[org.openqa.selenium.StaleElementReferenceException: stale element reference: stale element not found in the current frame
  (Session info: chrome=140.0.7339.208)
For documentation on this error, please visit: https://www.selenium.dev/documentation/webdriver/troubleshooting/errors#stale-element-reference-exception
Build info: version: '4.15.0', revision: '1d14b5521b'
System info: os.name: 'Windows 10', os.arch: 'amd64', os.version: '10.0', java.version: '21.0.7'
Driver info: org.openqa.selenium.chrome.ChromeDriver
Command: [de14009066bf67434364aa9033d38dfe, isElementDisplayed {id=f.8B7BA4EE45299888242A3E4697910D6E.d.7E8B673300D4A5AF5CE0B134D5CAED58.e.101}]
Capabilities {acceptInsecureCerts: false, browserName: chrome, browserVersion: 140.0.7339.208, chrome: {chromedriverVersion: 140.0.7339.207 (17230b545fd..., userDataDir: C:\Windows\SystemTemp\scope...}, fedcm:accounts: true, goog:chromeOptions: {debuggerAddress: localhost:52520}, networkConnectionEnabled: false, pageLoadStrategy: normal, platformName: windows, proxy: Proxy(), se:cdp: ws://localhost:52520/devtoo..., se:cdpVersion: 140.0.7339.208, setWindowRect: true, strictFileInteractability: false, timeouts: {implicit: 0, pageLoad: 300000, script: 30000}, unhandledPromptBehavior: dismiss and notify, webauthn:extension:credBlob: true, webauthn:extension:largeBlob: true, webauthn:extension:minPinLength: true, webauthn:extension:prf: true, webauthn:virtualAuthenticators: true}
Element: [[ChromeDriver: chrome on windows (de14009066bf67434364aa9033d38dfe)] -> css selector: .card-title]
Session ID: de14009066bf67434364aa9033d38dfe
at org.openqa.selenium.remote.codec.w3c.W3CHttpResponseCodec.createException(W3CHttpResponseCodec.java:200)
at org.openqa.selenium.remote.codec.w3c.W3CHttpResponseCodec.decode(W3CHttpResponseCodec.java:133)
at org.openqa.selenium.remote.codec.w3c.W3CHttpResponseCodec.decode(W3CHttpResponseCodec.java:52)
at org.openqa.selenium.remote.HttpCommandExecutor.execute(HttpCommandExecutor.java:191)
at org.openqa.selenium.remote.service.DriverCommandExecutor.invokeExecute(DriverCommandExecutor.java:200)
at org.openqa.selenium.remote.service.DriverCommandExecutor.execute(DriverCommandExecutor.java:175)
at org.openqa.selenium.remote.RemoteWebDriver.execute(RemoteWebDriver.java:607)
at org.openqa.selenium.remote.RemoteWebElement.execute(RemoteWebElement.java:224)
at org.openqa.selenium.remote.RemoteWebElement.isDisplayed(RemoteWebElement.java:283)
at org.openqa.selenium.support.ui.ExpectedConditions$9.apply(ExpectedConditions.java:264)
at org.openqa.selenium.support.ui.ExpectedConditions$9.apply(ExpectedConditions.java:260)
at org.openqa.selenium.support.ui.FluentWait.until(FluentWait.java:204)
at tests.SearchTests.testSearchByCategory(SearchTests.java:88)
at java.base/java.util.ArrayList.forEach(ArrayList.java:1596)
at java.base/java.util.concurrent.FutureTask.run(FutureTask.java:317)
at java.base/java.util.concurrent.ThreadPoolExecutor.runWorker(ThreadPoolExecutor.java:1144)
at java.base/java.util.concurrent.ThreadPoolExecutor$Worker.run(ThreadPoolExecutor.java:642)
at java.base/java.lang.Thread.run(Thread.java:1583)
... Removed 18 stack frames]]>
    </failure>
  </testcase> <!-- testSearchByCategory -->
  <testcase classname="tests.SearchTests" name="testSearchByProductName" time="0.978">
    <failure type="java.lang.AssertionError" message="TestCase failed. Product &amp;apos;Sony xperia z5&amp;apos; is not visible.">
      <![CDATA[java.lang.AssertionError: TestCase failed. Product 'Sony xperia z5' is not visible.
at tests.SearchTests.testSearchByProductName(SearchTests.java:67)
at java.base/java.util.ArrayList.forEach(ArrayList.java:1596)
at java.base/java.util.concurrent.FutureTask.run(FutureTask.java:317)
at java.base/java.util.concurrent.ThreadPoolExecutor.runWorker(ThreadPoolExecutor.java:1144)
at java.base/java.util.concurrent.ThreadPoolExecutor$Worker.run(ThreadPoolExecutor.java:642)
at java.base/java.lang.Thread.run(Thread.java:1583)
... Removed 16 stack frames]]>
    </failure>
  </testcase> <!-- testSearchByProductName -->
  <testcase classname="tests.SearchTests" name="testSearchByProductName" time="1.052">
    <failure type="java.lang.AssertionError" message="TestCase failed. Product &amp;apos;Sony vaio i5&amp;apos; is not visible.">
      <![CDATA[java.lang.AssertionError: TestCase failed. Product 'Sony vaio i5' is not visible.
at tests.SearchTests.testSearchByProductName(SearchTests.java:67)
at java.base/java.util.ArrayList.forEach(ArrayList.java:1596)
at java.base/java.util.concurrent.FutureTask.run(FutureTask.java:317)
at java.base/java.util.concurrent.ThreadPoolExecutor.runWorker(ThreadPoolExecutor.java:1144)
at java.base/java.util.concurrent.ThreadPoolExecutor$Worker.run(ThreadPoolExecutor.java:642)
at java.base/java.lang.Thread.run(Thread.java:1583)
... Removed 16 stack frames]]>
    </failure>
  </testcase> <!-- testSearchByProductName -->
  <testcase classname="tests.SearchTests" name="testSearchWithNoResults" time="0.195"/>
  <testcase classname="tests.CartTests" name="testAddProductToCart" time="5.371"/>
  <testcase classname="tests.CartTests" name="testAddProductToCart" time="7.162"/>
  <testcase classname="tests.CartTests" name="testRemoveProductFromCart" time="6.721"/>
  <testcase classname="tests.CartTests" name="testRemoveProductFromCart" time="8.725"/>
  <testcase classname="tests.CartTests" name="testCartPersistenceAcrossSessions" time="10.48"/>
  <testcase classname="tests.CartTests" name="testPriceCalculationVerification" time="7.397"/>
  <testcase classname="tests.CheckoutTests" name="testForGuestCheckout" time="12.293"/>
  <testcase classname="tests.CheckoutTests" name="testForRegisteredCheckout" time="5.151">
    <failure type="java.lang.RuntimeException" message="Could not find and click product: Sony vaio i5">
      <![CDATA[java.lang.RuntimeException: Could not find and click product: Sony vaio i5
at pages.HomePage.selectProduct(HomePage.java:74)
at tests.CheckoutTests.runCheckoutTest(CheckoutTests.java:75)
at tests.CheckoutTests.testForRegisteredCheckout(CheckoutTests.java:117)
at java.base/java.util.ArrayList.forEach(ArrayList.java:1596)
at java.base/java.util.concurrent.FutureTask.run(FutureTask.java:317)
at java.base/java.util.concurrent.ThreadPoolExecutor.runWorker(ThreadPoolExecutor.java:1144)
at java.base/java.util.concurrent.ThreadPoolExecutor$Worker.run(ThreadPoolExecutor.java:642)
at java.base/java.lang.Thread.run(Thread.java:1583)
Caused by: java.lang.RuntimeException: Click failed on Product: Sony vaio i5
at pages.BasePage.click(BasePage.java:34)
at pages.HomePage.selectProduct(HomePage.java:70)
... 22 more
Caused by: org.openqa.selenium.StaleElementReferenceException: stale element reference: stale element not found
  (Session info: chrome=140.0.7339.208)
For documentation on this error, please visit: https://www.selenium.dev/documentation/webdriver/troubleshooting/errors#stale-element-reference-exception
Build info: version: '4.15.0', revision: '1d14b5521b'
System info: os.name: 'Windows 10', os.arch: 'amd64', os.version: '10.0', java.version: '21.0.7'
Driver info: org.openqa.selenium.chrome.ChromeDriver
Command: [35685dff9da5d61f52a6e7f0356923cf, clickElement {id=f.D7AF548FEB9AA721B82DF187CEB9576B.d.BA0D2FE96C79E7687FB846B2346C3447.e.113}]
Capabilities {acceptInsecureCerts: false, browserName: chrome, browserVersion: 140.0.7339.208, chrome: {chromedriverVersion: 140.0.7339.207 (17230b545fd..., userDataDir: C:\Windows\SystemTemp\scope...}, fedcm:accounts: true, goog:chromeOptions: {debuggerAddress: localhost:53285}, networkConnectionEnabled: false, pageLoadStrategy: normal, platformName: windows, proxy: Proxy(), se:cdp: ws://localhost:53285/devtoo..., se:cdpVersion: 140.0.7339.208, setWindowRect: true, strictFileInteractability: false, timeouts: {implicit: 0, pageLoad: 300000, script: 30000}, unhandledPromptBehavior: dismiss and notify, webauthn:extension:credBlob: true, webauthn:extension:largeBlob: true, webauthn:extension:minPinLength: true, webauthn:extension:prf: true, webauthn:virtualAuthenticators: true}
Element: [[ChromeDriver: chrome on windows (35685dff9da5d61f52a6e7f0356923cf)] -> xpath: //a[@class='hrefch'][text()='Sony vaio i5']]
Session ID: 35685dff9da5d61f52a6e7f0356923cf
at org.openqa.selenium.remote.codec.w3c.W3CHttpResponseCodec.createException(W3CHttpResponseCodec.java:200)
at org.openqa.selenium.remote.codec.w3c.W3CHttpResponseCodec.decode(W3CHttpResponseCodec.java:133)
at org.openqa.selenium.remote.codec.w3c.W3CHttpResponseCodec.decode(W3CHttpResponseCodec.java:52)
at org.openqa.selenium.remote.HttpCommandExecutor.execute(HttpCommandExecutor.java:191)
at org.openqa.selenium.remote.service.DriverCommandExecutor.invokeExecute(DriverCommandExecutor.java:200)
at org.openqa.selenium.remote.service.DriverCommandExecutor.execute(DriverCommandExecutor.java:175)
at org.openqa.selenium.remote.RemoteWebDriver.execute(RemoteWebDriver.java:607)
at org.openqa.selenium.remote.RemoteWebElement.execute(RemoteWebElement.java:224)
at org.openqa.selenium.remote.RemoteWebElement.click(RemoteWebElement.java:77)
at pages.BasePage.click(BasePage.java:30)
... 23 more
... Removed 18 stack frames]]>
    </failure>
  </testcase> <!-- testForRegisteredCheckout -->
  <testcase classname="tests.CheckoutTests" name="testWithMissingShippingAddress" time="12.182">
    <failure type="java.lang.AssertionError" message="Validation failed for user type: Guest expected [Shipping address required] but found [Thank you for your purchase!]">
      <![CDATA[java.lang.AssertionError: Validation failed for user type: Guest expected [Shipping address required] but found [Thank you for your purchase!]
at tests.CheckoutTests.runCheckoutTest(CheckoutTests.java:104)
at tests.CheckoutTests.testWithMissingShippingAddress(CheckoutTests.java:123)
at java.base/java.util.ArrayList.forEach(ArrayList.java:1596)
at java.base/java.util.concurrent.FutureTask.run(FutureTask.java:317)
at java.base/java.util.concurrent.ThreadPoolExecutor.runWorker(ThreadPoolExecutor.java:1144)
at java.base/java.util.concurrent.ThreadPoolExecutor$Worker.run(ThreadPoolExecutor.java:642)
at java.base/java.lang.Thread.run(Thread.java:1583)
... Removed 20 stack frames]]>
    </failure>
  </testcase> <!-- testWithMissingShippingAddress -->
  <testcase classname="tests.CheckoutTests" name="testWithMissingPaymentMethod" time="0.027">
    <failure type="java.lang.RuntimeException" message="Scenario not found for: Registered, 789 Oak St, TX, ">
      <![CDATA[java.lang.RuntimeException: Scenario not found for: Registered, 789 Oak St, TX, 
at tests.CheckoutTests.lambda$1(CheckoutTests.java:64)
at java.base/java.util.Optional.orElseThrow(Optional.java:403)
at tests.CheckoutTests.getScenario(CheckoutTests.java:64)
at tests.CheckoutTests.testWithMissingPaymentMethod(CheckoutTests.java:128)
at java.base/java.util.ArrayList.forEach(ArrayList.java:1596)
at java.base/java.util.concurrent.FutureTask.run(FutureTask.java:317)
at java.base/java.util.concurrent.ThreadPoolExecutor.runWorker(ThreadPoolExecutor.java:1144)
at java.base/java.util.concurrent.ThreadPoolExecutor$Worker.run(ThreadPoolExecutor.java:642)
at java.base/java.lang.Thread.run(Thread.java:1583)
... Removed 15 stack frames]]>
    </failure>
  </testcase> <!-- testWithMissingPaymentMethod -->
  <testcase classname="tests.CheckoutTests" name="testGuestCheckoutWithDebitCard" time="14.953"/>
  <testcase classname="tests.CartTests" name="testUpdateProductQuantity" time="0.0">
    <ignored/>
  </testcase> <!-- testUpdateProductQuantity -->
</testsuite> <!-- Chrome Tests -->
