<?xml version="1.0" encoding="UTF-8"?>
<!-- Generated by org.testng.reporters.JUnitXMLReporter -->
<testsuite ignored="1" hostname="3b7b2133aad05b1" failures="8" tests="25" name="Firefox Tests" time="260.103" errors="0" timestamp="2025-09-25T16:06:26 IST">
  <testcase classname="tests.LoginTests" name="loginWithValidData" time="4.7"/>
  <testcase classname="tests.LoginTests" name="loginWithValidData" time="4.924"/>
  <testcase classname="tests.LoginTests" name="loginWithValidData" time="4.854"/>
  <testcase classname="tests.LoginTests" name="loginWithInvalidData" time="2.238"/>
  <testcase classname="tests.LoginTests" name="loginWithInvalidData" time="2.163"/>
  <testcase classname="tests.LoginTests" name="loginWithInvalidData" time="2.212"/>
  <testcase classname="tests.LoginTests" name="loginWithEmptyFields" time="0.916"/>
  <testcase classname="tests.LoginTests" name="loginWithEmptyFields" time="1.397"/>
  <testcase classname="tests.RegistrationTest" name="testSignUp" time="2.244">
    <failure type="java.lang.AssertionError" message="Testcase failed. Registration blocked: User already exists.">
      <![CDATA[java.lang.AssertionError: Testcase failed. Registration blocked: User already exists.
at tests.RegistrationTest.testSignUp(RegistrationTest.java:67)
at java.base/java.util.ArrayList.forEach(ArrayList.java:1596)
at java.base/java.util.concurrent.FutureTask.run(FutureTask.java:317)
at java.base/java.util.concurrent.ThreadPoolExecutor.runWorker(ThreadPoolExecutor.java:1144)
at java.base/java.util.concurrent.ThreadPoolExecutor$Worker.run(ThreadPoolExecutor.java:642)
at java.base/java.lang.Thread.run(Thread.java:1583)
... Removed 16 stack frames]]>
    </failure>
  </testcase> <!-- testSignUp -->
  <testcase classname="tests.SearchTests" name="testSearchByCategory" time="0.828">
    <failure type="java.lang.AssertionError" message="TestCase failed. Expected product &amp;apos;Apple monitor 24&amp;apos; to be visible under category &amp;apos;Monitors&amp;apos;, but it was not found. expected object to not be null">
      <![CDATA[java.lang.AssertionError: TestCase failed. Expected product 'Apple monitor 24' to be visible under category 'Monitors', but it was not found. expected object to not be null
at tests.SearchTests.testSearchByCategory(SearchTests.java:91)
at java.base/java.util.ArrayList.forEach(ArrayList.java:1596)
at java.base/java.util.concurrent.FutureTask.run(FutureTask.java:317)
at java.base/java.util.concurrent.ThreadPoolExecutor.runWorker(ThreadPoolExecutor.java:1144)
at java.base/java.util.concurrent.ThreadPoolExecutor$Worker.run(ThreadPoolExecutor.java:642)
at java.base/java.lang.Thread.run(Thread.java:1583)
... Removed 17 stack frames]]>
    </failure>
  </testcase> <!-- testSearchByCategory -->
  <testcase classname="tests.SearchTests" name="testSearchByCategory" time="1.003"/>
  <testcase classname="tests.SearchTests" name="testSearchByProductName" time="0.691">
    <failure type="java.lang.AssertionError" message="TestCase failed. Product &amp;apos;Sony xperia z5&amp;apos; is not visible.">
      <![CDATA[java.lang.AssertionError: TestCase failed. Product 'Sony xperia z5' is not visible.
at tests.SearchTests.testSearchByProductName(SearchTests.java:67)
at java.base/java.util.ArrayList.forEach(ArrayList.java:1596)
at java.base/java.util.concurrent.FutureTask.run(FutureTask.java:317)
at java.base/java.util.concurrent.ThreadPoolExecutor.runWorker(ThreadPoolExecutor.java:1144)
at java.base/java.util.concurrent.ThreadPoolExecutor$Worker.run(ThreadPoolExecutor.java:642)
at java.base/java.lang.Thread.run(Thread.java:1583)
... Removed 16 stack frames]]>
    </failure>
  </testcase> <!-- testSearchByProductName -->
  <testcase classname="tests.SearchTests" name="testSearchByProductName" time="0.736">
    <failure type="java.lang.AssertionError" message="TestCase failed. Product &amp;apos;Sony vaio i5&amp;apos; is not visible.">
      <![CDATA[java.lang.AssertionError: TestCase failed. Product 'Sony vaio i5' is not visible.
at tests.SearchTests.testSearchByProductName(SearchTests.java:67)
at java.base/java.util.ArrayList.forEach(ArrayList.java:1596)
at java.base/java.util.concurrent.FutureTask.run(FutureTask.java:317)
at java.base/java.util.concurrent.ThreadPoolExecutor.runWorker(ThreadPoolExecutor.java:1144)
at java.base/java.util.concurrent.ThreadPoolExecutor$Worker.run(ThreadPoolExecutor.java:642)
at java.base/java.lang.Thread.run(Thread.java:1583)
... Removed 16 stack frames]]>
    </failure>
  </testcase> <!-- testSearchByProductName -->
  <testcase classname="tests.SearchTests" name="testSearchWithNoResults" time="0.689"/>
  <testcase classname="tests.CartTests" name="testAddProductToCart" time="5.646"/>
  <testcase classname="tests.CartTests" name="testAddProductToCart" time="5.101"/>
  <testcase classname="tests.CartTests" name="testRemoveProductFromCart" time="7.68"/>
  <testcase classname="tests.CartTests" name="testRemoveProductFromCart" time="6.478"/>
  <testcase classname="tests.CartTests" name="testCartPersistenceAcrossSessions" time="13.403">
    <failure type="java.lang.AssertionError" message="Testcase failed: Product was not found after restarting session. expected [true] but found [false]">
      <![CDATA[java.lang.AssertionError: Testcase failed: Product was not found after restarting session. expected [true] but found [false]
at tests.CartTests.testCartPersistenceAcrossSessions(CartTests.java:151)
at java.base/java.util.ArrayList.forEach(ArrayList.java:1596)
at java.base/java.util.concurrent.FutureTask.run(FutureTask.java:317)
at java.base/java.util.concurrent.ThreadPoolExecutor.runWorker(ThreadPoolExecutor.java:1144)
at java.base/java.util.concurrent.ThreadPoolExecutor$Worker.run(ThreadPoolExecutor.java:642)
at java.base/java.lang.Thread.run(Thread.java:1583)
... Removed 18 stack frames]]>
    </failure>
  </testcase> <!-- testCartPersistenceAcrossSessions -->
  <testcase classname="tests.CartTests" name="testPriceCalculationVerification" time="5.026"/>
  <testcase classname="tests.CheckoutTests" name="testForGuestCheckout" time="10.273"/>
  <testcase classname="tests.CheckoutTests" name="testForRegisteredCheckout" time="2.191">
    <failure type="java.lang.RuntimeException" message="Could not find and click product: Sony vaio i5">
      <![CDATA[java.lang.RuntimeException: Could not find and click product: Sony vaio i5
at pages.HomePage.selectProduct(HomePage.java:74)
at tests.CheckoutTests.runCheckoutTest(CheckoutTests.java:75)
at tests.CheckoutTests.testForRegisteredCheckout(CheckoutTests.java:117)
at java.base/java.util.ArrayList.forEach(ArrayList.java:1596)
at java.base/java.util.concurrent.FutureTask.run(FutureTask.java:317)
at java.base/java.util.concurrent.ThreadPoolExecutor.runWorker(ThreadPoolExecutor.java:1144)
at java.base/java.util.concurrent.ThreadPoolExecutor$Worker.run(ThreadPoolExecutor.java:642)
at java.base/java.lang.Thread.run(Thread.java:1583)
Caused by: java.lang.RuntimeException: Click failed on Product: Sony vaio i5
at pages.BasePage.click(BasePage.java:34)
at pages.HomePage.selectProduct(HomePage.java:70)
... 22 more
Caused by: org.openqa.selenium.ElementClickInterceptedException: Element <a class="hrefch" href="prod.html?idp_=8"> is not clickable at point (1530,1401) because another element <div id="logInModal" class="modal fade show"> obscures it
Build info: version: '4.15.0', revision: '1d14b5521b'
System info: os.name: 'Windows 10', os.arch: 'amd64', os.version: '10.0', java.version: '21.0.7'
Driver info: org.openqa.selenium.firefox.FirefoxDriver
Command: [4e25ef76-0c4e-4ee0-a63a-dcc600d20880, clickElement {id=8de2209e-5a55-445e-b8d5-38565a88360c}]
Capabilities {acceptInsecureCerts: true, browserName: firefox, browserVersion: 143.0.1, moz:accessibilityChecks: false, moz:buildID: 20250918214338, moz:geckodriverVersion: 0.36.0, moz:headless: false, moz:platformVersion: 10.0, moz:processID: 11044, moz:profile: C:\Users\ADMINI~1\AppData\L..., moz:shutdownTimeout: 60000, moz:webdriverClick: true, moz:windowless: false, pageLoadStrategy: normal, platformName: windows, proxy: Proxy(), setWindowRect: true, strictFileInteractability: false, timeouts: {implicit: 0, pageLoad: 300000, script: 30000}, unhandledPromptBehavior: ignore, userAgent: Mozilla/5.0 (Windows NT 10....}
Element: [[FirefoxDriver: firefox on windows (4e25ef76-0c4e-4ee0-a63a-dcc600d20880)] -> xpath: //a[@class='hrefch'][text()='Sony vaio i5']]
Session ID: 4e25ef76-0c4e-4ee0-a63a-dcc600d20880
at org.openqa.selenium.remote.codec.w3c.W3CHttpResponseCodec.createException(W3CHttpResponseCodec.java:200)
at org.openqa.selenium.remote.codec.w3c.W3CHttpResponseCodec.decode(W3CHttpResponseCodec.java:133)
at org.openqa.selenium.remote.codec.w3c.W3CHttpResponseCodec.decode(W3CHttpResponseCodec.java:52)
at org.openqa.selenium.remote.HttpCommandExecutor.execute(HttpCommandExecutor.java:191)
at org.openqa.selenium.remote.service.DriverCommandExecutor.invokeExecute(DriverCommandExecutor.java:200)
at org.openqa.selenium.remote.service.DriverCommandExecutor.execute(DriverCommandExecutor.java:175)
at org.openqa.selenium.remote.RemoteWebDriver.execute(RemoteWebDriver.java:607)
at org.openqa.selenium.remote.RemoteWebElement.execute(RemoteWebElement.java:224)
at org.openqa.selenium.remote.RemoteWebElement.click(RemoteWebElement.java:77)
at pages.BasePage.click(BasePage.java:30)
... 23 more
... Removed 18 stack frames]]>
    </failure>
  </testcase> <!-- testForRegisteredCheckout -->
  <testcase classname="tests.CheckoutTests" name="testWithMissingShippingAddress" time="10.337">
    <failure type="java.lang.AssertionError" message="Validation failed for user type: Guest expected [Shipping address required] but found [Thank you for your purchase!]">
      <![CDATA[java.lang.AssertionError: Validation failed for user type: Guest expected [Shipping address required] but found [Thank you for your purchase!]
at tests.CheckoutTests.runCheckoutTest(CheckoutTests.java:104)
at tests.CheckoutTests.testWithMissingShippingAddress(CheckoutTests.java:123)
at java.base/java.util.ArrayList.forEach(ArrayList.java:1596)
at java.base/java.util.concurrent.FutureTask.run(FutureTask.java:317)
at java.base/java.util.concurrent.ThreadPoolExecutor.runWorker(ThreadPoolExecutor.java:1144)
at java.base/java.util.concurrent.ThreadPoolExecutor$Worker.run(ThreadPoolExecutor.java:642)
at java.base/java.lang.Thread.run(Thread.java:1583)
... Removed 20 stack frames]]>
    </failure>
  </testcase> <!-- testWithMissingShippingAddress -->
  <testcase classname="tests.CheckoutTests" name="testWithMissingPaymentMethod" time="0.025">
    <failure type="java.lang.RuntimeException" message="Scenario not found for: Registered, 789 Oak St, TX, ">
      <![CDATA[java.lang.RuntimeException: Scenario not found for: Registered, 789 Oak St, TX, 
at tests.CheckoutTests.lambda$1(CheckoutTests.java:64)
at java.base/java.util.Optional.orElseThrow(Optional.java:403)
at tests.CheckoutTests.getScenario(CheckoutTests.java:64)
at tests.CheckoutTests.testWithMissingPaymentMethod(CheckoutTests.java:128)
at java.base/java.util.ArrayList.forEach(ArrayList.java:1596)
at java.base/java.util.concurrent.FutureTask.run(FutureTask.java:317)
at java.base/java.util.concurrent.ThreadPoolExecutor.runWorker(ThreadPoolExecutor.java:1144)
at java.base/java.util.concurrent.ThreadPoolExecutor$Worker.run(ThreadPoolExecutor.java:642)
at java.base/java.lang.Thread.run(Thread.java:1583)
... Removed 15 stack frames]]>
    </failure>
  </testcase> <!-- testWithMissingPaymentMethod -->
  <testcase classname="tests.CheckoutTests" name="testGuestCheckoutWithDebitCard" time="10.02"/>
  <testcase classname="tests.CartTests" name="testUpdateProductQuantity" time="0.0">
    <ignored/>
  </testcase> <!-- testUpdateProductQuantity -->
</testsuite> <!-- Firefox Tests -->
