<?xml version="1.0" encoding="UTF-8"?>
<!-- Generated by org.testng.reporters.JUnitXMLReporter -->
<testsuite ignored="1" hostname="3b7b2133aad05b1" failures="7" tests="25" name="Firefox Tests" time="213.609" errors="0" timestamp="2025-09-30T21:08:51 IST">
  <testcase classname="tests.LoginTests" name="loginWithValidData" time="4.59"/>
  <testcase classname="tests.LoginTests" name="loginWithValidData" time="4.52"/>
  <testcase classname="tests.LoginTests" name="loginWithValidData" time="4.484"/>
  <testcase classname="tests.LoginTests" name="loginWithInvalidData" time="2.121"/>
  <testcase classname="tests.LoginTests" name="loginWithInvalidData" time="1.618"/>
  <testcase classname="tests.LoginTests" name="loginWithInvalidData" time="1.581"/>
  <testcase classname="tests.LoginTests" name="loginWithEmptyFields" time="0.925"/>
  <testcase classname="tests.LoginTests" name="loginWithEmptyFields" time="0.97"/>
  <testcase classname="tests.RegistrationTest" name="testSignUp" time="1.985">
    <failure type="java.lang.AssertionError" message="Testcase failed. Registration blocked: User already exists.">
      <![CDATA[java.lang.AssertionError: Testcase failed. Registration blocked: User already exists.
at tests.RegistrationTest.testSignUp(RegistrationTest.java:67)
at java.base/java.util.ArrayList.forEach(ArrayList.java:1596)
at java.base/java.util.concurrent.FutureTask.run(FutureTask.java:317)
at java.base/java.util.concurrent.ThreadPoolExecutor.runWorker(ThreadPoolExecutor.java:1144)
at java.base/java.util.concurrent.ThreadPoolExecutor$Worker.run(ThreadPoolExecutor.java:642)
at java.base/java.lang.Thread.run(Thread.java:1583)
... Removed 16 stack frames]]>
    </failure>
  </testcase> <!-- testSignUp -->
  <testcase classname="tests.SearchTests" name="testSearchByCategory" time="0.899"/>
  <testcase classname="tests.SearchTests" name="testSearchByCategory" time="1.008">
    <failure type="java.lang.AssertionError" message="TestCase failed. Expected product &amp;apos;ASUS Full HD&amp;apos; to be visible under category &amp;apos;Monitors&amp;apos;, but it was not found. expected object to not be null">
      <![CDATA[java.lang.AssertionError: TestCase failed. Expected product 'ASUS Full HD' to be visible under category 'Monitors', but it was not found. expected object to not be null
at tests.SearchTests.testSearchByCategory(SearchTests.java:91)
at java.base/java.util.ArrayList.forEach(ArrayList.java:1596)
at java.base/java.util.concurrent.FutureTask.run(FutureTask.java:317)
at java.base/java.util.concurrent.ThreadPoolExecutor.runWorker(ThreadPoolExecutor.java:1144)
at java.base/java.util.concurrent.ThreadPoolExecutor$Worker.run(ThreadPoolExecutor.java:642)
at java.base/java.lang.Thread.run(Thread.java:1583)
... Removed 17 stack frames]]>
    </failure>
  </testcase> <!-- testSearchByCategory -->
  <testcase classname="tests.SearchTests" name="testSearchByProductName" time="0.628">
    <failure type="java.lang.AssertionError" message="TestCase failed. Product &amp;apos;Sony xperia z5&amp;apos; is not visible.">
      <![CDATA[java.lang.AssertionError: TestCase failed. Product 'Sony xperia z5' is not visible.
at tests.SearchTests.testSearchByProductName(SearchTests.java:67)
at java.base/java.util.ArrayList.forEach(ArrayList.java:1596)
at java.base/java.util.concurrent.FutureTask.run(FutureTask.java:317)
at java.base/java.util.concurrent.ThreadPoolExecutor.runWorker(ThreadPoolExecutor.java:1144)
at java.base/java.util.concurrent.ThreadPoolExecutor$Worker.run(ThreadPoolExecutor.java:642)
at java.base/java.lang.Thread.run(Thread.java:1583)
... Removed 16 stack frames]]>
    </failure>
  </testcase> <!-- testSearchByProductName -->
  <testcase classname="tests.SearchTests" name="testSearchByProductName" time="0.539">
    <failure type="java.lang.AssertionError" message="TestCase failed. Product &amp;apos;Sony vaio i5&amp;apos; is not visible.">
      <![CDATA[java.lang.AssertionError: TestCase failed. Product 'Sony vaio i5' is not visible.
at tests.SearchTests.testSearchByProductName(SearchTests.java:67)
at java.base/java.util.ArrayList.forEach(ArrayList.java:1596)
at java.base/java.util.concurrent.FutureTask.run(FutureTask.java:317)
at java.base/java.util.concurrent.ThreadPoolExecutor.runWorker(ThreadPoolExecutor.java:1144)
at java.base/java.util.concurrent.ThreadPoolExecutor$Worker.run(ThreadPoolExecutor.java:642)
at java.base/java.lang.Thread.run(Thread.java:1583)
... Removed 16 stack frames]]>
    </failure>
  </testcase> <!-- testSearchByProductName -->
  <testcase classname="tests.SearchTests" name="testSearchWithNoResults" time="0.32"/>
  <testcase classname="tests.CartTests" name="testAddProductToCart" time="4.808"/>
  <testcase classname="tests.CartTests" name="testAddProductToCart" time="5.222"/>
  <testcase classname="tests.CartTests" name="testRemoveProductFromCart" time="6.902"/>
  <testcase classname="tests.CartTests" name="testRemoveProductFromCart" time="6.389"/>
  <testcase classname="tests.CartTests" name="testCartPersistenceAcrossSessions" time="9.907"/>
  <testcase classname="tests.CartTests" name="testPriceCalculationVerification" time="5.171"/>
  <testcase classname="tests.CheckoutTests" name="testForGuestCheckout" time="10.041"/>
  <testcase classname="tests.CheckoutTests" name="testForRegisteredCheckout" time="1.811">
    <failure type="java.lang.RuntimeException" message="Could not find and click product: Sony vaio i5">
      <![CDATA[java.lang.RuntimeException: Could not find and click product: Sony vaio i5
at pages.HomePage.selectProduct(HomePage.java:74)
at tests.CheckoutTests.runCheckoutTest(CheckoutTests.java:75)
at tests.CheckoutTests.testForRegisteredCheckout(CheckoutTests.java:117)
at java.base/java.util.ArrayList.forEach(ArrayList.java:1596)
at java.base/java.util.concurrent.FutureTask.run(FutureTask.java:317)
at java.base/java.util.concurrent.ThreadPoolExecutor.runWorker(ThreadPoolExecutor.java:1144)
at java.base/java.util.concurrent.ThreadPoolExecutor$Worker.run(ThreadPoolExecutor.java:642)
at java.base/java.lang.Thread.run(Thread.java:1583)
Caused by: java.lang.RuntimeException: Click failed on Product: Sony vaio i5
at pages.BasePage.click(BasePage.java:34)
at pages.HomePage.selectProduct(HomePage.java:70)
... 22 more
Caused by: org.openqa.selenium.ElementClickInterceptedException: Element <a class="hrefch" href="prod.html?idp_=8"> is not clickable at point (1944,1451) because another element <div id="logInModal" class="modal fade show"> obscures it
Build info: version: '4.15.0', revision: '1d14b5521b'
System info: os.name: 'Windows 10', os.arch: 'amd64', os.version: '10.0', java.version: '21.0.7'
Driver info: org.openqa.selenium.firefox.FirefoxDriver
Command: [9e6a1793-abe9-416b-bcb1-34aee78abdc1, clickElement {id=dde4b6ef-45e6-4f90-97e5-ee780df35001}]
Capabilities {acceptInsecureCerts: true, browserName: firefox, browserVersion: 143.0.1, moz:accessibilityChecks: false, moz:buildID: 20250918214338, moz:geckodriverVersion: 0.36.0, moz:headless: false, moz:platformVersion: 10.0, moz:processID: 2444, moz:profile: C:\Users\ADMINI~1\AppData\L..., moz:shutdownTimeout: 60000, moz:webdriverClick: true, moz:windowless: false, pageLoadStrategy: normal, platformName: windows, proxy: Proxy(), setWindowRect: true, strictFileInteractability: false, timeouts: {implicit: 0, pageLoad: 300000, script: 30000}, unhandledPromptBehavior: ignore, userAgent: Mozilla/5.0 (Windows NT 10....}
Element: [[FirefoxDriver: firefox on windows (9e6a1793-abe9-416b-bcb1-34aee78abdc1)] -> xpath: //a[@class='hrefch'][text()='Sony vaio i5']]
Session ID: 9e6a1793-abe9-416b-bcb1-34aee78abdc1
at org.openqa.selenium.remote.codec.w3c.W3CHttpResponseCodec.createException(W3CHttpResponseCodec.java:200)
at org.openqa.selenium.remote.codec.w3c.W3CHttpResponseCodec.decode(W3CHttpResponseCodec.java:133)
at org.openqa.selenium.remote.codec.w3c.W3CHttpResponseCodec.decode(W3CHttpResponseCodec.java:52)
at org.openqa.selenium.remote.HttpCommandExecutor.execute(HttpCommandExecutor.java:191)
at org.openqa.selenium.remote.service.DriverCommandExecutor.invokeExecute(DriverCommandExecutor.java:200)
at org.openqa.selenium.remote.service.DriverCommandExecutor.execute(DriverCommandExecutor.java:175)
at org.openqa.selenium.remote.RemoteWebDriver.execute(RemoteWebDriver.java:607)
at org.openqa.selenium.remote.RemoteWebElement.execute(RemoteWebElement.java:224)
at org.openqa.selenium.remote.RemoteWebElement.click(RemoteWebElement.java:77)
at pages.BasePage.click(BasePage.java:30)
... 23 more
... Removed 18 stack frames]]>
    </failure>
  </testcase> <!-- testForRegisteredCheckout -->
  <testcase classname="tests.CheckoutTests" name="testWithMissingShippingAddress" time="9.01">
    <failure type="java.lang.AssertionError" message="Validation failed for user type: Guest expected [Shipping address required] but found [Thank you for your purchase!]">
      <![CDATA[java.lang.AssertionError: Validation failed for user type: Guest expected [Shipping address required] but found [Thank you for your purchase!]
at tests.CheckoutTests.runCheckoutTest(CheckoutTests.java:104)
at tests.CheckoutTests.testWithMissingShippingAddress(CheckoutTests.java:123)
at java.base/java.util.ArrayList.forEach(ArrayList.java:1596)
at java.base/java.util.concurrent.FutureTask.run(FutureTask.java:317)
at java.base/java.util.concurrent.ThreadPoolExecutor.runWorker(ThreadPoolExecutor.java:1144)
at java.base/java.util.concurrent.ThreadPoolExecutor$Worker.run(ThreadPoolExecutor.java:642)
at java.base/java.lang.Thread.run(Thread.java:1583)
... Removed 20 stack frames]]>
    </failure>
  </testcase> <!-- testWithMissingShippingAddress -->
  <testcase classname="tests.CheckoutTests" name="testWithMissingPaymentMethod" time="0.044">
    <failure type="java.lang.RuntimeException" message="Scenario not found for: Registered, 789 Oak St, TX, ">
      <![CDATA[java.lang.RuntimeException: Scenario not found for: Registered, 789 Oak St, TX, 
at tests.CheckoutTests.lambda$1(CheckoutTests.java:64)
at java.base/java.util.Optional.orElseThrow(Optional.java:403)
at tests.CheckoutTests.getScenario(CheckoutTests.java:64)
at tests.CheckoutTests.testWithMissingPaymentMethod(CheckoutTests.java:128)
at java.base/java.util.ArrayList.forEach(ArrayList.java:1596)
at java.base/java.util.concurrent.FutureTask.run(FutureTask.java:317)
at java.base/java.util.concurrent.ThreadPoolExecutor.runWorker(ThreadPoolExecutor.java:1144)
at java.base/java.util.concurrent.ThreadPoolExecutor$Worker.run(ThreadPoolExecutor.java:642)
at java.base/java.lang.Thread.run(Thread.java:1583)
... Removed 15 stack frames]]>
    </failure>
  </testcase> <!-- testWithMissingPaymentMethod -->
  <testcase classname="tests.CheckoutTests" name="testGuestCheckoutWithDebitCard" time="9.666"/>
  <testcase classname="tests.CartTests" name="testUpdateProductQuantity" time="0.0">
    <ignored/>
  </testcase> <!-- testUpdateProductQuantity -->
</testsuite> <!-- Firefox Tests -->
