<?xml version="1.0" encoding="UTF-8"?>
<testng-results ignored="0" total="50" passed="34" failed="16" skipped="0">
  <reporter-output>
  </reporter-output>
  <suite started-at="2025-09-28T22:32:33 IST" name="All Test Suite" finished-at="2025-09-28T22:36:08 IST" duration-ms="215142">
    <groups>
    </groups>
    <test started-at="2025-09-28T22:32:33 IST" name="Firefox Tests" finished-at="2025-09-28T22:36:04 IST" duration-ms="210705">
      <class name="tests.LoginTests">
        <test-method is-config="true" signature="initialSetup(java.lang.String)[pri:0, instance:tests.LoginTests@16423501]" started-at="2025-09-28T22:32:34 IST" name="initialSetup" finished-at="2025-09-28T22:32:38 IST" duration-ms="4257" status="PASS">
          <params>
            <param index="0">
              <value>
                <![CDATA[firefox]]>
              </value>
            </param>
          </params>
          <reporter-output>
          </reporter-output>
        </test-method> <!-- initialSetup -->
        <test-method signature="loginWithValidData(java.lang.String,java.lang.String,boolean)[pri:0, instance:tests.LoginTests@16423501]" started-at="2025-09-28T22:32:38 IST" name="loginWithValidData" description="Verifying with all valid credentials" data-provider="validLoginData" finished-at="2025-09-28T22:32:43 IST" duration-ms="4450" status="PASS">
          <params>
            <param index="0">
              <value>
                <![CDATA[Validuser1]]>
              </value>
            </param>
            <param index="1">
              <value>
                <![CDATA[validPass@123]]>
              </value>
            </param>
            <param index="2">
              <value>
                <![CDATA[true]]>
              </value>
            </param>
          </params>
          <reporter-output>
          </reporter-output>
        </test-method> <!-- loginWithValidData -->
        <test-method is-config="true" signature="tearDown()[pri:0, instance:tests.LoginTests@16423501]" started-at="2025-09-28T22:32:43 IST" name="tearDown" finished-at="2025-09-28T22:32:44 IST" duration-ms="1302" status="PASS">
          <reporter-output>
          </reporter-output>
        </test-method> <!-- tearDown -->
        <test-method is-config="true" signature="initialSetup(java.lang.String)[pri:0, instance:tests.LoginTests@16423501]" started-at="2025-09-28T22:32:44 IST" name="initialSetup" finished-at="2025-09-28T22:32:47 IST" duration-ms="3255" status="PASS">
          <params>
            <param index="0">
              <value>
                <![CDATA[firefox]]>
              </value>
            </param>
          </params>
          <reporter-output>
          </reporter-output>
        </test-method> <!-- initialSetup -->
        <test-method signature="loginWithValidData(java.lang.String,java.lang.String,boolean)[pri:0, instance:tests.LoginTests@16423501]" started-at="2025-09-28T22:32:47 IST" name="loginWithValidData" description="Verifying with all valid credentials" data-provider="validLoginData" finished-at="2025-09-28T22:32:52 IST" duration-ms="4748" status="PASS">
          <params>
            <param index="0">
              <value>
                <![CDATA[Validuser]]>
              </value>
            </param>
            <param index="1">
              <value>
                <![CDATA[validPass123]]>
              </value>
            </param>
            <param index="2">
              <value>
                <![CDATA[true]]>
              </value>
            </param>
          </params>
          <reporter-output>
          </reporter-output>
        </test-method> <!-- loginWithValidData -->
        <test-method is-config="true" signature="tearDown()[pri:0, instance:tests.LoginTests@16423501]" started-at="2025-09-28T22:32:52 IST" name="tearDown" finished-at="2025-09-28T22:32:53 IST" duration-ms="988" status="PASS">
          <reporter-output>
          </reporter-output>
        </test-method> <!-- tearDown -->
        <test-method is-config="true" signature="initialSetup(java.lang.String)[pri:0, instance:tests.LoginTests@16423501]" started-at="2025-09-28T22:32:53 IST" name="initialSetup" finished-at="2025-09-28T22:32:57 IST" duration-ms="3477" status="PASS">
          <params>
            <param index="0">
              <value>
                <![CDATA[firefox]]>
              </value>
            </param>
          </params>
          <reporter-output>
          </reporter-output>
        </test-method> <!-- initialSetup -->
        <test-method signature="loginWithValidData(java.lang.String,java.lang.String,boolean)[pri:0, instance:tests.LoginTests@16423501]" started-at="2025-09-28T22:32:57 IST" name="loginWithValidData" description="Verifying with all valid credentials" data-provider="validLoginData" finished-at="2025-09-28T22:33:01 IST" duration-ms="4446" status="PASS">
          <params>
            <param index="0">
              <value>
                <![CDATA[Validuser_100]]>
              </value>
            </param>
            <param index="1">
              <value>
                <![CDATA[valid]]>
              </value>
            </param>
            <param index="2">
              <value>
                <![CDATA[true]]>
              </value>
            </param>
          </params>
          <reporter-output>
          </reporter-output>
        </test-method> <!-- loginWithValidData -->
        <test-method is-config="true" signature="tearDown()[pri:0, instance:tests.LoginTests@16423501]" started-at="2025-09-28T22:33:02 IST" name="tearDown" finished-at="2025-09-28T22:33:03 IST" duration-ms="1104" status="PASS">
          <reporter-output>
          </reporter-output>
        </test-method> <!-- tearDown -->
        <test-method is-config="true" signature="initialSetup(java.lang.String)[pri:0, instance:tests.LoginTests@16423501]" started-at="2025-09-28T22:33:03 IST" name="initialSetup" finished-at="2025-09-28T22:33:06 IST" duration-ms="3127" status="PASS">
          <params>
            <param index="0">
              <value>
                <![CDATA[firefox]]>
              </value>
            </param>
          </params>
          <reporter-output>
          </reporter-output>
        </test-method> <!-- initialSetup -->
        <test-method signature="loginWithInvalidData(java.lang.String,java.lang.String,boolean)[pri:0, instance:tests.LoginTests@16423501]" started-at="2025-09-28T22:33:06 IST" name="loginWithInvalidData" description="Verifying with all invalid credentials" data-provider="invalidLoginData" finished-at="2025-09-28T22:33:08 IST" duration-ms="2069" status="PASS">
          <params>
            <param index="0">
              <value>
                <![CDATA[invalidUser]]>
              </value>
            </param>
            <param index="1">
              <value>
                <![CDATA[validPass@123]]>
              </value>
            </param>
            <param index="2">
              <value>
                <![CDATA[false]]>
              </value>
            </param>
          </params>
          <reporter-output>
          </reporter-output>
        </test-method> <!-- loginWithInvalidData -->
        <test-method is-config="true" signature="tearDown()[pri:0, instance:tests.LoginTests@16423501]" started-at="2025-09-28T22:33:08 IST" name="tearDown" finished-at="2025-09-28T22:33:09 IST" duration-ms="1282" status="PASS">
          <reporter-output>
          </reporter-output>
        </test-method> <!-- tearDown -->
        <test-method is-config="true" signature="initialSetup(java.lang.String)[pri:0, instance:tests.LoginTests@16423501]" started-at="2025-09-28T22:33:09 IST" name="initialSetup" finished-at="2025-09-28T22:33:13 IST" duration-ms="3188" status="PASS">
          <params>
            <param index="0">
              <value>
                <![CDATA[firefox]]>
              </value>
            </param>
          </params>
          <reporter-output>
          </reporter-output>
        </test-method> <!-- initialSetup -->
        <test-method signature="loginWithInvalidData(java.lang.String,java.lang.String,boolean)[pri:0, instance:tests.LoginTests@16423501]" started-at="2025-09-28T22:33:13 IST" name="loginWithInvalidData" description="Verifying with all invalid credentials" data-provider="invalidLoginData" finished-at="2025-09-28T22:33:15 IST" duration-ms="2032" status="PASS">
          <params>
            <param index="0">
              <value>
                <![CDATA[Validuser1]]>
              </value>
            </param>
            <param index="1">
              <value>
                <![CDATA[ValidPass@123]]>
              </value>
            </param>
            <param index="2">
              <value>
                <![CDATA[false]]>
              </value>
            </param>
          </params>
          <reporter-output>
          </reporter-output>
        </test-method> <!-- loginWithInvalidData -->
        <test-method is-config="true" signature="tearDown()[pri:0, instance:tests.LoginTests@16423501]" started-at="2025-09-28T22:33:15 IST" name="tearDown" finished-at="2025-09-28T22:33:16 IST" duration-ms="966" status="PASS">
          <reporter-output>
          </reporter-output>
        </test-method> <!-- tearDown -->
        <test-method is-config="true" signature="initialSetup(java.lang.String)[pri:0, instance:tests.LoginTests@16423501]" started-at="2025-09-28T22:33:16 IST" name="initialSetup" finished-at="2025-09-28T22:33:19 IST" duration-ms="3134" status="PASS">
          <params>
            <param index="0">
              <value>
                <![CDATA[firefox]]>
              </value>
            </param>
          </params>
          <reporter-output>
          </reporter-output>
        </test-method> <!-- initialSetup -->
        <test-method signature="loginWithInvalidData(java.lang.String,java.lang.String,boolean)[pri:0, instance:tests.LoginTests@16423501]" started-at="2025-09-28T22:33:19 IST" name="loginWithInvalidData" description="Verifying with all invalid credentials" data-provider="invalidLoginData" finished-at="2025-09-28T22:33:21 IST" duration-ms="2002" status="PASS">
          <params>
            <param index="0">
              <value>
                <![CDATA[invalidUser]]>
              </value>
            </param>
            <param index="1">
              <value>
                <![CDATA[wrongPass]]>
              </value>
            </param>
            <param index="2">
              <value>
                <![CDATA[false]]>
              </value>
            </param>
          </params>
          <reporter-output>
          </reporter-output>
        </test-method> <!-- loginWithInvalidData -->
        <test-method is-config="true" signature="tearDown()[pri:0, instance:tests.LoginTests@16423501]" started-at="2025-09-28T22:33:21 IST" name="tearDown" finished-at="2025-09-28T22:33:22 IST" duration-ms="1061" status="PASS">
          <reporter-output>
          </reporter-output>
        </test-method> <!-- tearDown -->
        <test-method is-config="true" signature="initialSetup(java.lang.String)[pri:0, instance:tests.LoginTests@16423501]" started-at="2025-09-28T22:33:22 IST" name="initialSetup" finished-at="2025-09-28T22:33:26 IST" duration-ms="3534" status="PASS">
          <params>
            <param index="0">
              <value>
                <![CDATA[firefox]]>
              </value>
            </param>
          </params>
          <reporter-output>
          </reporter-output>
        </test-method> <!-- initialSetup -->
        <test-method signature="loginWithEmptyFields(java.lang.String,java.lang.String,boolean)[pri:0, instance:tests.LoginTests@16423501]" started-at="2025-09-28T22:33:26 IST" name="loginWithEmptyFields" description="Verifying with all empty credentials" data-provider="emptyFields" finished-at="2025-09-28T22:33:27 IST" duration-ms="929" status="PASS">
          <params>
            <param index="0">
              <value>
                <![CDATA[Validuser1]]>
              </value>
            </param>
            <param index="1">
              <value>
                <![CDATA[]]>
              </value>
            </param>
            <param index="2">
              <value>
                <![CDATA[true]]>
              </value>
            </param>
          </params>
          <reporter-output>
          </reporter-output>
        </test-method> <!-- loginWithEmptyFields -->
        <test-method is-config="true" signature="tearDown()[pri:0, instance:tests.LoginTests@16423501]" started-at="2025-09-28T22:33:27 IST" name="tearDown" finished-at="2025-09-28T22:33:28 IST" duration-ms="961" status="PASS">
          <reporter-output>
          </reporter-output>
        </test-method> <!-- tearDown -->
        <test-method is-config="true" signature="initialSetup(java.lang.String)[pri:0, instance:tests.LoginTests@16423501]" started-at="2025-09-28T22:33:28 IST" name="initialSetup" finished-at="2025-09-28T22:33:32 IST" duration-ms="3422" status="PASS">
          <params>
            <param index="0">
              <value>
                <![CDATA[firefox]]>
              </value>
            </param>
          </params>
          <reporter-output>
          </reporter-output>
        </test-method> <!-- initialSetup -->
        <test-method signature="loginWithEmptyFields(java.lang.String,java.lang.String,boolean)[pri:0, instance:tests.LoginTests@16423501]" started-at="2025-09-28T22:33:32 IST" name="loginWithEmptyFields" description="Verifying with all empty credentials" data-provider="emptyFields" finished-at="2025-09-28T22:33:33 IST" duration-ms="1122" status="PASS">
          <params>
            <param index="0">
              <value>
                <![CDATA[]]>
              </value>
            </param>
            <param index="1">
              <value>
                <![CDATA[]]>
              </value>
            </param>
            <param index="2">
              <value>
                <![CDATA[true]]>
              </value>
            </param>
          </params>
          <reporter-output>
          </reporter-output>
        </test-method> <!-- loginWithEmptyFields -->
        <test-method is-config="true" signature="tearDown()[pri:0, instance:tests.LoginTests@16423501]" started-at="2025-09-28T22:33:33 IST" name="tearDown" finished-at="2025-09-28T22:33:34 IST" duration-ms="968" status="PASS">
          <reporter-output>
          </reporter-output>
        </test-method> <!-- tearDown -->
      </class> <!-- tests.LoginTests -->
      <class name="tests.RegistrationTest">
        <test-method is-config="true" signature="initialSetup(java.lang.String)[pri:0, instance:tests.RegistrationTest@3574e198]" started-at="2025-09-28T22:33:34 IST" name="initialSetup" finished-at="2025-09-28T22:33:37 IST" duration-ms="3170" status="PASS">
          <params>
            <param index="0">
              <value>
                <![CDATA[firefox]]>
              </value>
            </param>
          </params>
          <reporter-output>
          </reporter-output>
        </test-method> <!-- initialSetup -->
        <test-method signature="testSignUp(java.lang.String,java.lang.String,boolean)[pri:0, instance:tests.RegistrationTest@3574e198]" started-at="2025-09-28T22:33:37 IST" name="testSignUp" description="Verifying with all valid credentials" data-provider="validRegistrationData" finished-at="2025-09-28T22:33:39 IST" duration-ms="1430" status="FAIL">
          <params>
            <param index="0">
              <value>
                <![CDATA[Validuser13]]>
              </value>
            </param>
            <param index="1">
              <value>
                <![CDATA[ValidPass@123]]>
              </value>
            </param>
            <param index="2">
              <value>
                <![CDATA[true]]>
              </value>
            </param>
          </params>
          <exception class="java.lang.AssertionError">
            <message>
              <![CDATA[Testcase failed. Registration blocked: User already exists.]]>
            </message>
            <full-stacktrace>
              <![CDATA[java.lang.AssertionError: Testcase failed. Registration blocked: User already exists.
at org.testng.Assert.fail(Assert.java:111)
at tests.RegistrationTest.testSignUp(RegistrationTest.java:67)
at java.base/jdk.internal.reflect.DirectMethodHandleAccessor.invoke(DirectMethodHandleAccessor.java:103)
at java.base/java.lang.reflect.Method.invoke(Method.java:580)
at org.testng.internal.invokers.MethodInvocationHelper.invokeMethod(MethodInvocationHelper.java:139)
at org.testng.internal.invokers.TestInvoker.invokeMethod(TestInvoker.java:664)
at org.testng.internal.invokers.TestInvoker.invokeTestMethod(TestInvoker.java:228)
at org.testng.internal.invokers.MethodRunner.runInSequence(MethodRunner.java:63)
at org.testng.internal.invokers.TestInvoker$MethodInvocationAgent.invoke(TestInvoker.java:961)
at org.testng.internal.invokers.TestInvoker.invokeTestMethods(TestInvoker.java:201)
at org.testng.internal.invokers.TestMethodWorker.invokeTestMethods(TestMethodWorker.java:148)
at org.testng.internal.invokers.TestMethodWorker.run(TestMethodWorker.java:128)
at java.base/java.util.ArrayList.forEach(ArrayList.java:1596)
at org.testng.TestRunner.privateRun(TestRunner.java:819)
at org.testng.TestRunner.run(TestRunner.java:619)
at org.testng.SuiteRunner.runTest(SuiteRunner.java:443)
at org.testng.SuiteRunner$SuiteWorker.run(SuiteRunner.java:481)
at org.testng.internal.thread.ThreadUtil.lambda$execute$0(ThreadUtil.java:58)
at java.base/java.util.concurrent.FutureTask.run(FutureTask.java:317)
at java.base/java.util.concurrent.ThreadPoolExecutor.runWorker(ThreadPoolExecutor.java:1144)
at java.base/java.util.concurrent.ThreadPoolExecutor$Worker.run(ThreadPoolExecutor.java:642)
at java.base/java.lang.Thread.run(Thread.java:1583)
]]>
            </full-stacktrace>
          </exception> <!-- java.lang.AssertionError -->
          <reporter-output>
          </reporter-output>
        </test-method> <!-- testSignUp -->
        <test-method is-config="true" signature="tearDown()[pri:0, instance:tests.RegistrationTest@3574e198]" started-at="2025-09-28T22:33:39 IST" name="tearDown" finished-at="2025-09-28T22:33:40 IST" duration-ms="1158" status="PASS">
          <reporter-output>
          </reporter-output>
        </test-method> <!-- tearDown -->
      </class> <!-- tests.RegistrationTest -->
      <class name="tests.SearchTests">
        <test-method is-config="true" signature="initialSetup(java.lang.String)[pri:0, instance:tests.SearchTests@4eeea57d]" started-at="2025-09-28T22:33:40 IST" name="initialSetup" finished-at="2025-09-28T22:33:44 IST" duration-ms="3489" status="PASS">
          <params>
            <param index="0">
              <value>
                <![CDATA[firefox]]>
              </value>
            </param>
          </params>
          <reporter-output>
          </reporter-output>
        </test-method> <!-- initialSetup -->
        <test-method signature="testSearchByCategory(java.lang.String,java.lang.String)[pri:0, instance:tests.SearchTests@4eeea57d]" started-at="2025-09-28T22:33:44 IST" name="testSearchByCategory" description="Searching by category" data-provider="searchByCategory" finished-at="2025-09-28T22:33:44 IST" duration-ms="503" status="FAIL">
          <params>
            <param index="0">
              <value>
                <![CDATA[Apple monitor 24]]>
              </value>
            </param>
            <param index="1">
              <value>
                <![CDATA[Monitors]]>
              </value>
            </param>
          </params>
          <exception class="java.lang.AssertionError">
            <message>
              <![CDATA[TestCase failed. Expected product 'Apple monitor 24' to be visible under category 'Monitors', but it was not found. expected object to not be null]]>
            </message>
            <full-stacktrace>
              <![CDATA[java.lang.AssertionError: TestCase failed. Expected product 'Apple monitor 24' to be visible under category 'Monitors', but it was not found. expected object to not be null
at org.testng.Assert.fail(Assert.java:111)
at org.testng.Assert.assertNotNull(Assert.java:1484)
at tests.SearchTests.testSearchByCategory(SearchTests.java:91)
at java.base/jdk.internal.reflect.DirectMethodHandleAccessor.invoke(DirectMethodHandleAccessor.java:103)
at java.base/java.lang.reflect.Method.invoke(Method.java:580)
at org.testng.internal.invokers.MethodInvocationHelper.invokeMethod(MethodInvocationHelper.java:139)
at org.testng.internal.invokers.TestInvoker.invokeMethod(TestInvoker.java:664)
at org.testng.internal.invokers.TestInvoker.invokeTestMethod(TestInvoker.java:228)
at org.testng.internal.invokers.MethodRunner.runInSequence(MethodRunner.java:63)
at org.testng.internal.invokers.TestInvoker$MethodInvocationAgent.invoke(TestInvoker.java:961)
at org.testng.internal.invokers.TestInvoker.invokeTestMethods(TestInvoker.java:201)
at org.testng.internal.invokers.TestMethodWorker.invokeTestMethods(TestMethodWorker.java:148)
at org.testng.internal.invokers.TestMethodWorker.run(TestMethodWorker.java:128)
at java.base/java.util.ArrayList.forEach(ArrayList.java:1596)
at org.testng.TestRunner.privateRun(TestRunner.java:819)
at org.testng.TestRunner.run(TestRunner.java:619)
at org.testng.SuiteRunner.runTest(SuiteRunner.java:443)
at org.testng.SuiteRunner$SuiteWorker.run(SuiteRunner.java:481)
at org.testng.internal.thread.ThreadUtil.lambda$execute$0(ThreadUtil.java:58)
at java.base/java.util.concurrent.FutureTask.run(FutureTask.java:317)
at java.base/java.util.concurrent.ThreadPoolExecutor.runWorker(ThreadPoolExecutor.java:1144)
at java.base/java.util.concurrent.ThreadPoolExecutor$Worker.run(ThreadPoolExecutor.java:642)
at java.base/java.lang.Thread.run(Thread.java:1583)
]]>
            </full-stacktrace>
          </exception> <!-- java.lang.AssertionError -->
          <reporter-output>
          </reporter-output>
        </test-method> <!-- testSearchByCategory -->
        <test-method is-config="true" signature="tearDown()[pri:0, instance:tests.SearchTests@4eeea57d]" started-at="2025-09-28T22:33:44 IST" name="tearDown" finished-at="2025-09-28T22:33:46 IST" duration-ms="1213" status="PASS">
          <reporter-output>
          </reporter-output>
        </test-method> <!-- tearDown -->
        <test-method is-config="true" signature="initialSetup(java.lang.String)[pri:0, instance:tests.SearchTests@4eeea57d]" started-at="2025-09-28T22:33:46 IST" name="initialSetup" finished-at="2025-09-28T22:33:49 IST" duration-ms="3089" status="PASS">
          <params>
            <param index="0">
              <value>
                <![CDATA[firefox]]>
              </value>
            </param>
          </params>
          <reporter-output>
          </reporter-output>
        </test-method> <!-- initialSetup -->
        <test-method signature="testSearchByCategory(java.lang.String,java.lang.String)[pri:0, instance:tests.SearchTests@4eeea57d]" started-at="2025-09-28T22:33:49 IST" name="testSearchByCategory" description="Searching by category" data-provider="searchByCategory" finished-at="2025-09-28T22:33:50 IST" duration-ms="963" status="PASS">
          <params>
            <param index="0">
              <value>
                <![CDATA[ASUS Full HD]]>
              </value>
            </param>
            <param index="1">
              <value>
                <![CDATA[Monitors]]>
              </value>
            </param>
          </params>
          <reporter-output>
          </reporter-output>
        </test-method> <!-- testSearchByCategory -->
        <test-method is-config="true" signature="tearDown()[pri:0, instance:tests.SearchTests@4eeea57d]" started-at="2025-09-28T22:33:50 IST" name="tearDown" finished-at="2025-09-28T22:33:51 IST" duration-ms="1139" status="PASS">
          <reporter-output>
          </reporter-output>
        </test-method> <!-- tearDown -->
        <test-method is-config="true" signature="initialSetup(java.lang.String)[pri:0, instance:tests.SearchTests@4eeea57d]" started-at="2025-09-28T22:33:51 IST" name="initialSetup" finished-at="2025-09-28T22:33:55 IST" duration-ms="3442" status="PASS">
          <params>
            <param index="0">
              <value>
                <![CDATA[firefox]]>
              </value>
            </param>
          </params>
          <reporter-output>
          </reporter-output>
        </test-method> <!-- initialSetup -->
        <test-method signature="testSearchByProductName(java.lang.String,java.lang.String)[pri:0, instance:tests.SearchTests@4eeea57d]" started-at="2025-09-28T22:33:55 IST" name="testSearchByProductName" description="Searching by product name" data-provider="searchByProduct" finished-at="2025-09-28T22:33:55 IST" duration-ms="400" status="FAIL">
          <params>
            <param index="0">
              <value>
                <![CDATA[Sony xperia z5]]>
              </value>
            </param>
            <param index="1">
              <value>
                <![CDATA[Phones]]>
              </value>
            </param>
          </params>
          <exception class="java.lang.AssertionError">
            <message>
              <![CDATA[TestCase failed. Product 'Sony xperia z5' is not visible.]]>
            </message>
            <full-stacktrace>
              <![CDATA[java.lang.AssertionError: TestCase failed. Product 'Sony xperia z5' is not visible.
at org.testng.Assert.fail(Assert.java:111)
at tests.SearchTests.testSearchByProductName(SearchTests.java:67)
at java.base/jdk.internal.reflect.DirectMethodHandleAccessor.invoke(DirectMethodHandleAccessor.java:103)
at java.base/java.lang.reflect.Method.invoke(Method.java:580)
at org.testng.internal.invokers.MethodInvocationHelper.invokeMethod(MethodInvocationHelper.java:139)
at org.testng.internal.invokers.TestInvoker.invokeMethod(TestInvoker.java:664)
at org.testng.internal.invokers.TestInvoker.invokeTestMethod(TestInvoker.java:228)
at org.testng.internal.invokers.MethodRunner.runInSequence(MethodRunner.java:63)
at org.testng.internal.invokers.TestInvoker$MethodInvocationAgent.invoke(TestInvoker.java:961)
at org.testng.internal.invokers.TestInvoker.invokeTestMethods(TestInvoker.java:201)
at org.testng.internal.invokers.TestMethodWorker.invokeTestMethods(TestMethodWorker.java:148)
at org.testng.internal.invokers.TestMethodWorker.run(TestMethodWorker.java:128)
at java.base/java.util.ArrayList.forEach(ArrayList.java:1596)
at org.testng.TestRunner.privateRun(TestRunner.java:819)
at org.testng.TestRunner.run(TestRunner.java:619)
at org.testng.SuiteRunner.runTest(SuiteRunner.java:443)
at org.testng.SuiteRunner$SuiteWorker.run(SuiteRunner.java:481)
at org.testng.internal.thread.ThreadUtil.lambda$execute$0(ThreadUtil.java:58)
at java.base/java.util.concurrent.FutureTask.run(FutureTask.java:317)
at java.base/java.util.concurrent.ThreadPoolExecutor.runWorker(ThreadPoolExecutor.java:1144)
at java.base/java.util.concurrent.ThreadPoolExecutor$Worker.run(ThreadPoolExecutor.java:642)
at java.base/java.lang.Thread.run(Thread.java:1583)
]]>
            </full-stacktrace>
          </exception> <!-- java.lang.AssertionError -->
          <reporter-output>
          </reporter-output>
        </test-method> <!-- testSearchByProductName -->
        <test-method is-config="true" signature="tearDown()[pri:0, instance:tests.SearchTests@4eeea57d]" started-at="2025-09-28T22:33:55 IST" name="tearDown" finished-at="2025-09-28T22:33:56 IST" duration-ms="951" status="PASS">
          <reporter-output>
          </reporter-output>
        </test-method> <!-- tearDown -->
        <test-method is-config="true" signature="initialSetup(java.lang.String)[pri:0, instance:tests.SearchTests@4eeea57d]" started-at="2025-09-28T22:33:56 IST" name="initialSetup" finished-at="2025-09-28T22:34:00 IST" duration-ms="3388" status="PASS">
          <params>
            <param index="0">
              <value>
                <![CDATA[firefox]]>
              </value>
            </param>
          </params>
          <reporter-output>
          </reporter-output>
        </test-method> <!-- initialSetup -->
        <test-method signature="testSearchByProductName(java.lang.String,java.lang.String)[pri:0, instance:tests.SearchTests@4eeea57d]" started-at="2025-09-28T22:34:00 IST" name="testSearchByProductName" description="Searching by product name" data-provider="searchByProduct" finished-at="2025-09-28T22:34:00 IST" duration-ms="460" status="FAIL">
          <params>
            <param index="0">
              <value>
                <![CDATA[Sony vaio i5]]>
              </value>
            </param>
            <param index="1">
              <value>
                <![CDATA[Laptops]]>
              </value>
            </param>
          </params>
          <exception class="java.lang.AssertionError">
            <message>
              <![CDATA[TestCase failed. Product 'Sony vaio i5' is not visible.]]>
            </message>
            <full-stacktrace>
              <![CDATA[java.lang.AssertionError: TestCase failed. Product 'Sony vaio i5' is not visible.
at org.testng.Assert.fail(Assert.java:111)
at tests.SearchTests.testSearchByProductName(SearchTests.java:67)
at java.base/jdk.internal.reflect.DirectMethodHandleAccessor.invoke(DirectMethodHandleAccessor.java:103)
at java.base/java.lang.reflect.Method.invoke(Method.java:580)
at org.testng.internal.invokers.MethodInvocationHelper.invokeMethod(MethodInvocationHelper.java:139)
at org.testng.internal.invokers.TestInvoker.invokeMethod(TestInvoker.java:664)
at org.testng.internal.invokers.TestInvoker.invokeTestMethod(TestInvoker.java:228)
at org.testng.internal.invokers.MethodRunner.runInSequence(MethodRunner.java:63)
at org.testng.internal.invokers.TestInvoker$MethodInvocationAgent.invoke(TestInvoker.java:961)
at org.testng.internal.invokers.TestInvoker.invokeTestMethods(TestInvoker.java:201)
at org.testng.internal.invokers.TestMethodWorker.invokeTestMethods(TestMethodWorker.java:148)
at org.testng.internal.invokers.TestMethodWorker.run(TestMethodWorker.java:128)
at java.base/java.util.ArrayList.forEach(ArrayList.java:1596)
at org.testng.TestRunner.privateRun(TestRunner.java:819)
at org.testng.TestRunner.run(TestRunner.java:619)
at org.testng.SuiteRunner.runTest(SuiteRunner.java:443)
at org.testng.SuiteRunner$SuiteWorker.run(SuiteRunner.java:481)
at org.testng.internal.thread.ThreadUtil.lambda$execute$0(ThreadUtil.java:58)
at java.base/java.util.concurrent.FutureTask.run(FutureTask.java:317)
at java.base/java.util.concurrent.ThreadPoolExecutor.runWorker(ThreadPoolExecutor.java:1144)
at java.base/java.util.concurrent.ThreadPoolExecutor$Worker.run(ThreadPoolExecutor.java:642)
at java.base/java.lang.Thread.run(Thread.java:1583)
]]>
            </full-stacktrace>
          </exception> <!-- java.lang.AssertionError -->
          <reporter-output>
          </reporter-output>
        </test-method> <!-- testSearchByProductName -->
        <test-method is-config="true" signature="tearDown()[pri:0, instance:tests.SearchTests@4eeea57d]" started-at="2025-09-28T22:34:00 IST" name="tearDown" finished-at="2025-09-28T22:34:02 IST" duration-ms="1141" status="PASS">
          <reporter-output>
          </reporter-output>
        </test-method> <!-- tearDown -->
        <test-method is-config="true" signature="initialSetup(java.lang.String)[pri:0, instance:tests.SearchTests@4eeea57d]" started-at="2025-09-28T22:34:02 IST" name="initialSetup" finished-at="2025-09-28T22:34:05 IST" duration-ms="3513" status="PASS">
          <params>
            <param index="0">
              <value>
                <![CDATA[firefox]]>
              </value>
            </param>
          </params>
          <reporter-output>
          </reporter-output>
        </test-method> <!-- initialSetup -->
        <test-method signature="testSearchWithNoResults()[pri:0, instance:tests.SearchTests@4eeea57d]" started-at="2025-09-28T22:34:05 IST" name="testSearchWithNoResults" finished-at="2025-09-28T22:34:05 IST" duration-ms="391" status="PASS">
          <reporter-output>
          </reporter-output>
        </test-method> <!-- testSearchWithNoResults -->
        <test-method is-config="true" signature="tearDown()[pri:0, instance:tests.SearchTests@4eeea57d]" started-at="2025-09-28T22:34:06 IST" name="tearDown" finished-at="2025-09-28T22:34:07 IST" duration-ms="1063" status="PASS">
          <reporter-output>
          </reporter-output>
        </test-method> <!-- tearDown -->
      </class> <!-- tests.SearchTests -->
      <class name="tests.CheckoutTests">
        <test-method is-config="true" signature="initialSetup(java.lang.String)[pri:0, instance:tests.CheckoutTests@e24ddd0]" started-at="2025-09-28T22:35:13 IST" name="initialSetup" finished-at="2025-09-28T22:35:16 IST" duration-ms="2486" status="PASS">
          <params>
            <param index="0">
              <value>
                <![CDATA[firefox]]>
              </value>
            </param>
          </params>
          <reporter-output>
          </reporter-output>
        </test-method> <!-- initialSetup -->
        <test-method signature="testForGuestCheckout()[pri:0, instance:tests.CheckoutTests@e24ddd0]" started-at="2025-09-28T22:35:16 IST" name="testForGuestCheckout" finished-at="2025-09-28T22:35:25 IST" duration-ms="9458" status="PASS">
          <reporter-output>
          </reporter-output>
        </test-method> <!-- testForGuestCheckout -->
        <test-method is-config="true" signature="tearDown()[pri:0, instance:tests.CheckoutTests@e24ddd0]" started-at="2025-09-28T22:35:26 IST" name="tearDown" finished-at="2025-09-28T22:35:27 IST" duration-ms="1103" status="PASS">
          <reporter-output>
          </reporter-output>
        </test-method> <!-- tearDown -->
        <test-method is-config="true" signature="initialSetup(java.lang.String)[pri:0, instance:tests.CheckoutTests@e24ddd0]" started-at="2025-09-28T22:35:27 IST" name="initialSetup" finished-at="2025-09-28T22:35:29 IST" duration-ms="2316" status="PASS">
          <params>
            <param index="0">
              <value>
                <![CDATA[firefox]]>
              </value>
            </param>
          </params>
          <reporter-output>
          </reporter-output>
        </test-method> <!-- initialSetup -->
        <test-method signature="testForRegisteredCheckout()[pri:0, instance:tests.CheckoutTests@e24ddd0]" started-at="2025-09-28T22:35:29 IST" name="testForRegisteredCheckout" finished-at="2025-09-28T22:35:31 IST" duration-ms="1964" status="FAIL">
          <exception class="java.lang.RuntimeException">
            <message>
              <![CDATA[Could not find and click product: Sony vaio i5]]>
            </message>
            <full-stacktrace>
              <![CDATA[java.lang.RuntimeException: Could not find and click product: Sony vaio i5
at pages.HomePage.selectProduct(HomePage.java:74)
at tests.CheckoutTests.runCheckoutTest(CheckoutTests.java:75)
at tests.CheckoutTests.testForRegisteredCheckout(CheckoutTests.java:117)
at java.base/jdk.internal.reflect.DirectMethodHandleAccessor.invoke(DirectMethodHandleAccessor.java:103)
at java.base/java.lang.reflect.Method.invoke(Method.java:580)
at org.testng.internal.invokers.MethodInvocationHelper.invokeMethod(MethodInvocationHelper.java:139)
at org.testng.internal.invokers.TestInvoker.invokeMethod(TestInvoker.java:664)
at org.testng.internal.invokers.TestInvoker.invokeTestMethod(TestInvoker.java:228)
at org.testng.internal.invokers.MethodRunner.runInSequence(MethodRunner.java:63)
at org.testng.internal.invokers.TestInvoker$MethodInvocationAgent.invoke(TestInvoker.java:961)
at org.testng.internal.invokers.TestInvoker.invokeTestMethods(TestInvoker.java:201)
at org.testng.internal.invokers.TestMethodWorker.invokeTestMethods(TestMethodWorker.java:148)
at org.testng.internal.invokers.TestMethodWorker.run(TestMethodWorker.java:128)
at java.base/java.util.ArrayList.forEach(ArrayList.java:1596)
at org.testng.TestRunner.privateRun(TestRunner.java:819)
at org.testng.TestRunner.run(TestRunner.java:619)
at org.testng.SuiteRunner.runTest(SuiteRunner.java:443)
at org.testng.SuiteRunner$SuiteWorker.run(SuiteRunner.java:481)
at org.testng.internal.thread.ThreadUtil.lambda$execute$0(ThreadUtil.java:58)
at java.base/java.util.concurrent.FutureTask.run(FutureTask.java:317)
at java.base/java.util.concurrent.ThreadPoolExecutor.runWorker(ThreadPoolExecutor.java:1144)
at java.base/java.util.concurrent.ThreadPoolExecutor$Worker.run(ThreadPoolExecutor.java:642)
at java.base/java.lang.Thread.run(Thread.java:1583)
Caused by: java.lang.RuntimeException: Click failed on Product: Sony vaio i5
at pages.BasePage.click(BasePage.java:34)
at pages.HomePage.selectProduct(HomePage.java:70)
... 22 more
Caused by: org.openqa.selenium.ElementClickInterceptedException: Element <a class="hrefch" href="prod.html?idp_=8"> is not clickable at point (2019,1460) because another element <div id="logInModal" class="modal fade show"> obscures it
Build info: version: '4.15.0', revision: '1d14b5521b'
System info: os.name: 'Windows 10', os.arch: 'amd64', os.version: '10.0', java.version: '21.0.7'
Driver info: org.openqa.selenium.firefox.FirefoxDriver
Command: [15c4dae6-0ed0-4ba2-9374-499365e5b338, clickElement {id=af5a498a-a222-4e34-94c1-1375a125c03f}]
Capabilities {acceptInsecureCerts: true, browserName: firefox, browserVersion: 143.0.1, moz:accessibilityChecks: false, moz:buildID: 20250918214338, moz:geckodriverVersion: 0.36.0, moz:headless: false, moz:platformVersion: 10.0, moz:processID: 10620, moz:profile: C:\Users\ADMINI~1\AppData\L..., moz:shutdownTimeout: 60000, moz:webdriverClick: true, moz:windowless: false, pageLoadStrategy: normal, platformName: windows, proxy: Proxy(), setWindowRect: true, strictFileInteractability: false, timeouts: {implicit: 0, pageLoad: 300000, script: 30000}, unhandledPromptBehavior: ignore, userAgent: Mozilla/5.0 (Windows NT 10....}
Element: [[FirefoxDriver: firefox on windows (15c4dae6-0ed0-4ba2-9374-499365e5b338)] -> xpath: //a[@class='hrefch'][text()='Sony vaio i5']]
Session ID: 15c4dae6-0ed0-4ba2-9374-499365e5b338
at java.base/jdk.internal.reflect.DirectConstructorHandleAccessor.newInstance(DirectConstructorHandleAccessor.java:62)
at java.base/java.lang.reflect.Constructor.newInstanceWithCaller(Constructor.java:502)
at java.base/java.lang.reflect.Constructor.newInstance(Constructor.java:486)
at org.openqa.selenium.remote.codec.w3c.W3CHttpResponseCodec.createException(W3CHttpResponseCodec.java:200)
at org.openqa.selenium.remote.codec.w3c.W3CHttpResponseCodec.decode(W3CHttpResponseCodec.java:133)
at org.openqa.selenium.remote.codec.w3c.W3CHttpResponseCodec.decode(W3CHttpResponseCodec.java:52)
at org.openqa.selenium.remote.HttpCommandExecutor.execute(HttpCommandExecutor.java:191)
at org.openqa.selenium.remote.service.DriverCommandExecutor.invokeExecute(DriverCommandExecutor.java:200)
at org.openqa.selenium.remote.service.DriverCommandExecutor.execute(DriverCommandExecutor.java:175)
at org.openqa.selenium.remote.RemoteWebDriver.execute(RemoteWebDriver.java:607)
at org.openqa.selenium.remote.RemoteWebElement.execute(RemoteWebElement.java:224)
at org.openqa.selenium.remote.RemoteWebElement.click(RemoteWebElement.java:77)
at pages.BasePage.click(BasePage.java:30)
... 23 more
]]>
            </full-stacktrace>
          </exception> <!-- java.lang.RuntimeException -->
          <reporter-output>
          </reporter-output>
        </test-method> <!-- testForRegisteredCheckout -->
        <test-method is-config="true" signature="tearDown()[pri:0, instance:tests.CheckoutTests@e24ddd0]" started-at="2025-09-28T22:35:31 IST" name="tearDown" finished-at="2025-09-28T22:35:32 IST" duration-ms="1024" status="PASS">
          <reporter-output>
          </reporter-output>
        </test-method> <!-- tearDown -->
        <test-method is-config="true" signature="initialSetup(java.lang.String)[pri:0, instance:tests.CheckoutTests@e24ddd0]" started-at="2025-09-28T22:35:32 IST" name="initialSetup" finished-at="2025-09-28T22:35:35 IST" duration-ms="2315" status="PASS">
          <params>
            <param index="0">
              <value>
                <![CDATA[firefox]]>
              </value>
            </param>
          </params>
          <reporter-output>
          </reporter-output>
        </test-method> <!-- initialSetup -->
        <test-method signature="testWithMissingShippingAddress()[pri:0, instance:tests.CheckoutTests@e24ddd0]" started-at="2025-09-28T22:35:35 IST" name="testWithMissingShippingAddress" finished-at="2025-09-28T22:35:45 IST" duration-ms="10055" status="FAIL">
          <exception class="java.lang.AssertionError">
            <message>
              <![CDATA[Validation failed for user type: Guest expected [Shipping address required] but found [Thank you for your purchase!]]]>
            </message>
            <full-stacktrace>
              <![CDATA[java.lang.AssertionError: Validation failed for user type: Guest expected [Shipping address required] but found [Thank you for your purchase!]
at org.testng.Assert.fail(Assert.java:111)
at org.testng.Assert.failNotEquals(Assert.java:1578)
at org.testng.Assert.assertEqualsImpl(Assert.java:150)
at org.testng.Assert.assertEquals(Assert.java:132)
at org.testng.Assert.assertEquals(Assert.java:656)
at tests.CheckoutTests.runCheckoutTest(CheckoutTests.java:104)
at tests.CheckoutTests.testWithMissingShippingAddress(CheckoutTests.java:123)
at java.base/jdk.internal.reflect.DirectMethodHandleAccessor.invoke(DirectMethodHandleAccessor.java:103)
at java.base/java.lang.reflect.Method.invoke(Method.java:580)
at org.testng.internal.invokers.MethodInvocationHelper.invokeMethod(MethodInvocationHelper.java:139)
at org.testng.internal.invokers.TestInvoker.invokeMethod(TestInvoker.java:664)
at org.testng.internal.invokers.TestInvoker.invokeTestMethod(TestInvoker.java:228)
at org.testng.internal.invokers.MethodRunner.runInSequence(MethodRunner.java:63)
at org.testng.internal.invokers.TestInvoker$MethodInvocationAgent.invoke(TestInvoker.java:961)
at org.testng.internal.invokers.TestInvoker.invokeTestMethods(TestInvoker.java:201)
at org.testng.internal.invokers.TestMethodWorker.invokeTestMethods(TestMethodWorker.java:148)
at org.testng.internal.invokers.TestMethodWorker.run(TestMethodWorker.java:128)
at java.base/java.util.ArrayList.forEach(ArrayList.java:1596)
at org.testng.TestRunner.privateRun(TestRunner.java:819)
at org.testng.TestRunner.run(TestRunner.java:619)
at org.testng.SuiteRunner.runTest(SuiteRunner.java:443)
at org.testng.SuiteRunner$SuiteWorker.run(SuiteRunner.java:481)
at org.testng.internal.thread.ThreadUtil.lambda$execute$0(ThreadUtil.java:58)
at java.base/java.util.concurrent.FutureTask.run(FutureTask.java:317)
at java.base/java.util.concurrent.ThreadPoolExecutor.runWorker(ThreadPoolExecutor.java:1144)
at java.base/java.util.concurrent.ThreadPoolExecutor$Worker.run(ThreadPoolExecutor.java:642)
at java.base/java.lang.Thread.run(Thread.java:1583)
]]>
            </full-stacktrace>
          </exception> <!-- java.lang.AssertionError -->
          <reporter-output>
          </reporter-output>
        </test-method> <!-- testWithMissingShippingAddress -->
        <test-method is-config="true" signature="tearDown()[pri:0, instance:tests.CheckoutTests@e24ddd0]" started-at="2025-09-28T22:35:45 IST" name="tearDown" finished-at="2025-09-28T22:35:46 IST" duration-ms="1014" status="PASS">
          <reporter-output>
          </reporter-output>
        </test-method> <!-- tearDown -->
        <test-method is-config="true" signature="initialSetup(java.lang.String)[pri:0, instance:tests.CheckoutTests@e24ddd0]" started-at="2025-09-28T22:35:46 IST" name="initialSetup" finished-at="2025-09-28T22:35:48 IST" duration-ms="2403" status="PASS">
          <params>
            <param index="0">
              <value>
                <![CDATA[firefox]]>
              </value>
            </param>
          </params>
          <reporter-output>
          </reporter-output>
        </test-method> <!-- initialSetup -->
        <test-method signature="testWithMissingPaymentMethod()[pri:0, instance:tests.CheckoutTests@e24ddd0]" started-at="2025-09-28T22:35:48 IST" name="testWithMissingPaymentMethod" finished-at="2025-09-28T22:35:48 IST" duration-ms="20" status="FAIL">
          <exception class="java.lang.RuntimeException">
            <message>
              <![CDATA[Scenario not found for: Registered, 789 Oak St, TX, ]]>
            </message>
            <full-stacktrace>
              <![CDATA[java.lang.RuntimeException: Scenario not found for: Registered, 789 Oak St, TX, 
at tests.CheckoutTests.lambda$1(CheckoutTests.java:64)
at java.base/java.util.Optional.orElseThrow(Optional.java:403)
at tests.CheckoutTests.getScenario(CheckoutTests.java:64)
at tests.CheckoutTests.testWithMissingPaymentMethod(CheckoutTests.java:128)
at java.base/jdk.internal.reflect.DirectMethodHandleAccessor.invoke(DirectMethodHandleAccessor.java:103)
at java.base/java.lang.reflect.Method.invoke(Method.java:580)
at org.testng.internal.invokers.MethodInvocationHelper.invokeMethod(MethodInvocationHelper.java:139)
at org.testng.internal.invokers.TestInvoker.invokeMethod(TestInvoker.java:664)
at org.testng.internal.invokers.TestInvoker.invokeTestMethod(TestInvoker.java:228)
at org.testng.internal.invokers.MethodRunner.runInSequence(MethodRunner.java:63)
at org.testng.internal.invokers.TestInvoker$MethodInvocationAgent.invoke(TestInvoker.java:961)
at org.testng.internal.invokers.TestInvoker.invokeTestMethods(TestInvoker.java:201)
at org.testng.internal.invokers.TestMethodWorker.invokeTestMethods(TestMethodWorker.java:148)
at org.testng.internal.invokers.TestMethodWorker.run(TestMethodWorker.java:128)
at java.base/java.util.ArrayList.forEach(ArrayList.java:1596)
at org.testng.TestRunner.privateRun(TestRunner.java:819)
at org.testng.TestRunner.run(TestRunner.java:619)
at org.testng.SuiteRunner.runTest(SuiteRunner.java:443)
at org.testng.SuiteRunner$SuiteWorker.run(SuiteRunner.java:481)
at org.testng.internal.thread.ThreadUtil.lambda$execute$0(ThreadUtil.java:58)
at java.base/java.util.concurrent.FutureTask.run(FutureTask.java:317)
at java.base/java.util.concurrent.ThreadPoolExecutor.runWorker(ThreadPoolExecutor.java:1144)
at java.base/java.util.concurrent.ThreadPoolExecutor$Worker.run(ThreadPoolExecutor.java:642)
at java.base/java.lang.Thread.run(Thread.java:1583)
]]>
            </full-stacktrace>
          </exception> <!-- java.lang.RuntimeException -->
          <reporter-output>
          </reporter-output>
        </test-method> <!-- testWithMissingPaymentMethod -->
        <test-method is-config="true" signature="tearDown()[pri:0, instance:tests.CheckoutTests@e24ddd0]" started-at="2025-09-28T22:35:49 IST" name="tearDown" finished-at="2025-09-28T22:35:50 IST" duration-ms="1061" status="PASS">
          <reporter-output>
          </reporter-output>
        </test-method> <!-- tearDown -->
        <test-method is-config="true" signature="initialSetup(java.lang.String)[pri:0, instance:tests.CheckoutTests@e24ddd0]" started-at="2025-09-28T22:35:50 IST" name="initialSetup" finished-at="2025-09-28T22:35:52 IST" duration-ms="2471" status="PASS">
          <params>
            <param index="0">
              <value>
                <![CDATA[firefox]]>
              </value>
            </param>
          </params>
          <reporter-output>
          </reporter-output>
        </test-method> <!-- initialSetup -->
        <test-method signature="testGuestCheckoutWithDebitCard()[pri:0, instance:tests.CheckoutTests@e24ddd0]" started-at="2025-09-28T22:35:52 IST" name="testGuestCheckoutWithDebitCard" finished-at="2025-09-28T22:36:02 IST" duration-ms="10065" status="PASS">
          <reporter-output>
          </reporter-output>
        </test-method> <!-- testGuestCheckoutWithDebitCard -->
        <test-method is-config="true" signature="tearDown()[pri:0, instance:tests.CheckoutTests@e24ddd0]" started-at="2025-09-28T22:36:02 IST" name="tearDown" finished-at="2025-09-28T22:36:04 IST" duration-ms="1176" status="PASS">
          <reporter-output>
          </reporter-output>
        </test-method> <!-- tearDown -->
      </class> <!-- tests.CheckoutTests -->
      <class name="tests.CartTests">
        <test-method is-config="true" signature="initialSetup(java.lang.String)[pri:0, instance:tests.CartTests@780ec4a5]" started-at="2025-09-28T22:34:07 IST" name="initialSetup" finished-at="2025-09-28T22:34:11 IST" duration-ms="3898" status="PASS">
          <params>
            <param index="0">
              <value>
                <![CDATA[firefox]]>
              </value>
            </param>
          </params>
          <reporter-output>
          </reporter-output>
        </test-method> <!-- initialSetup -->
        <test-method signature="testAddProductToCart(java.lang.String,java.lang.String,double,double)[pri:0, instance:tests.CartTests@780ec4a5]" started-at="2025-09-28T22:34:11 IST" name="testAddProductToCart" data-provider="addTocart" finished-at="2025-09-28T22:34:14 IST" duration-ms="3754" status="PASS">
          <params>
            <param index="0">
              <value>
                <![CDATA[Samsung galaxy s6]]>
              </value>
            </param>
            <param index="1">
              <value>
                <![CDATA[Add]]>
              </value>
            </param>
            <param index="2">
              <value>
                <![CDATA[1.0]]>
              </value>
            </param>
            <param index="3">
              <value>
                <![CDATA[360.0]]>
              </value>
            </param>
          </params>
          <reporter-output>
          </reporter-output>
        </test-method> <!-- testAddProductToCart -->
        <test-method is-config="true" signature="tearDown()[pri:0, instance:tests.CartTests@780ec4a5]" started-at="2025-09-28T22:34:15 IST" name="tearDown" finished-at="2025-09-28T22:34:16 IST" duration-ms="1147" status="PASS">
          <reporter-output>
          </reporter-output>
        </test-method> <!-- tearDown -->
        <test-method is-config="true" signature="initialSetup(java.lang.String)[pri:0, instance:tests.CartTests@780ec4a5]" started-at="2025-09-28T22:34:16 IST" name="initialSetup" finished-at="2025-09-28T22:34:19 IST" duration-ms="3394" status="PASS">
          <params>
            <param index="0">
              <value>
                <![CDATA[firefox]]>
              </value>
            </param>
          </params>
          <reporter-output>
          </reporter-output>
        </test-method> <!-- initialSetup -->
        <test-method signature="testAddProductToCart(java.lang.String,java.lang.String,double,double)[pri:0, instance:tests.CartTests@780ec4a5]" started-at="2025-09-28T22:34:19 IST" name="testAddProductToCart" data-provider="addTocart" finished-at="2025-09-28T22:34:24 IST" duration-ms="5252" status="PASS">
          <params>
            <param index="0">
              <value>
                <![CDATA[Sony vaio i5]]>
              </value>
            </param>
            <param index="1">
              <value>
                <![CDATA[Add]]>
              </value>
            </param>
            <param index="2">
              <value>
                <![CDATA[1.0]]>
              </value>
            </param>
            <param index="3">
              <value>
                <![CDATA[790.0]]>
              </value>
            </param>
          </params>
          <reporter-output>
          </reporter-output>
        </test-method> <!-- testAddProductToCart -->
        <test-method is-config="true" signature="tearDown()[pri:0, instance:tests.CartTests@780ec4a5]" started-at="2025-09-28T22:34:25 IST" name="tearDown" finished-at="2025-09-28T22:34:26 IST" duration-ms="1018" status="PASS">
          <reporter-output>
          </reporter-output>
        </test-method> <!-- tearDown -->
        <test-method is-config="true" signature="initialSetup(java.lang.String)[pri:0, instance:tests.CartTests@780ec4a5]" started-at="2025-09-28T22:34:26 IST" name="initialSetup" finished-at="2025-09-28T22:34:29 IST" duration-ms="3420" status="PASS">
          <params>
            <param index="0">
              <value>
                <![CDATA[firefox]]>
              </value>
            </param>
          </params>
          <reporter-output>
          </reporter-output>
        </test-method> <!-- initialSetup -->
        <test-method signature="testRemoveProductFromCart(java.lang.String,java.lang.String,double,double)[pri:0, instance:tests.CartTests@780ec4a5]" started-at="2025-09-28T22:34:29 IST" name="testRemoveProductFromCart" data-provider="removeFromcart" finished-at="2025-09-28T22:34:35 IST" duration-ms="5924" status="PASS">
          <params>
            <param index="0">
              <value>
                <![CDATA[Samsung galaxy s6]]>
              </value>
            </param>
            <param index="1">
              <value>
                <![CDATA[Remove]]>
              </value>
            </param>
            <param index="2">
              <value>
                <![CDATA[0.0]]>
              </value>
            </param>
            <param index="3">
              <value>
                <![CDATA[0.0]]>
              </value>
            </param>
          </params>
          <reporter-output>
          </reporter-output>
        </test-method> <!-- testRemoveProductFromCart -->
        <test-method is-config="true" signature="tearDown()[pri:0, instance:tests.CartTests@780ec4a5]" started-at="2025-09-28T22:34:35 IST" name="tearDown" finished-at="2025-09-28T22:34:36 IST" duration-ms="1125" status="PASS">
          <reporter-output>
          </reporter-output>
        </test-method> <!-- tearDown -->
        <test-method is-config="true" signature="initialSetup(java.lang.String)[pri:0, instance:tests.CartTests@780ec4a5]" started-at="2025-09-28T22:34:36 IST" name="initialSetup" finished-at="2025-09-28T22:34:40 IST" duration-ms="3541" status="PASS">
          <params>
            <param index="0">
              <value>
                <![CDATA[firefox]]>
              </value>
            </param>
          </params>
          <reporter-output>
          </reporter-output>
        </test-method> <!-- initialSetup -->
        <test-method signature="testRemoveProductFromCart(java.lang.String,java.lang.String,double,double)[pri:0, instance:tests.CartTests@780ec4a5]" started-at="2025-09-28T22:34:40 IST" name="testRemoveProductFromCart" data-provider="removeFromcart" finished-at="2025-09-28T22:34:46 IST" duration-ms="5911" status="PASS">
          <params>
            <param index="0">
              <value>
                <![CDATA[Sony vaio i5]]>
              </value>
            </param>
            <param index="1">
              <value>
                <![CDATA[Remove]]>
              </value>
            </param>
            <param index="2">
              <value>
                <![CDATA[0.0]]>
              </value>
            </param>
            <param index="3">
              <value>
                <![CDATA[0.0]]>
              </value>
            </param>
          </params>
          <reporter-output>
          </reporter-output>
        </test-method> <!-- testRemoveProductFromCart -->
        <test-method is-config="true" signature="tearDown()[pri:0, instance:tests.CartTests@780ec4a5]" started-at="2025-09-28T22:34:46 IST" name="tearDown" finished-at="2025-09-28T22:34:47 IST" duration-ms="989" status="PASS">
          <reporter-output>
          </reporter-output>
        </test-method> <!-- tearDown -->
        <test-method is-config="true" signature="initialSetup(java.lang.String)[pri:0, instance:tests.CartTests@780ec4a5]" started-at="2025-09-28T22:34:47 IST" name="initialSetup" finished-at="2025-09-28T22:34:51 IST" duration-ms="3515" status="PASS">
          <params>
            <param index="0">
              <value>
                <![CDATA[firefox]]>
              </value>
            </param>
          </params>
          <reporter-output>
          </reporter-output>
        </test-method> <!-- initialSetup -->
        <test-method signature="testCartPersistenceAcrossSessions()[pri:0, instance:tests.CartTests@780ec4a5]" started-at="2025-09-28T22:34:51 IST" name="testCartPersistenceAcrossSessions" finished-at="2025-09-28T22:35:02 IST" duration-ms="11487" status="FAIL">
          <exception class="java.lang.AssertionError">
            <message>
              <![CDATA[Testcase failed: Product was not found after restarting session. expected [true] but found [false]]]>
            </message>
            <full-stacktrace>
              <![CDATA[java.lang.AssertionError: Testcase failed: Product was not found after restarting session. expected [true] but found [false]
at org.testng.Assert.fail(Assert.java:111)
at org.testng.Assert.failNotEquals(Assert.java:1578)
at org.testng.Assert.assertTrue(Assert.java:57)
at tests.CartTests.testCartPersistenceAcrossSessions(CartTests.java:151)
at java.base/jdk.internal.reflect.DirectMethodHandleAccessor.invoke(DirectMethodHandleAccessor.java:103)
at java.base/java.lang.reflect.Method.invoke(Method.java:580)
at org.testng.internal.invokers.MethodInvocationHelper.invokeMethod(MethodInvocationHelper.java:139)
at org.testng.internal.invokers.TestInvoker.invokeMethod(TestInvoker.java:664)
at org.testng.internal.invokers.TestInvoker.invokeTestMethod(TestInvoker.java:228)
at org.testng.internal.invokers.MethodRunner.runInSequence(MethodRunner.java:63)
at org.testng.internal.invokers.TestInvoker$MethodInvocationAgent.invoke(TestInvoker.java:961)
at org.testng.internal.invokers.TestInvoker.invokeTestMethods(TestInvoker.java:201)
at org.testng.internal.invokers.TestMethodWorker.invokeTestMethods(TestMethodWorker.java:148)
at org.testng.internal.invokers.TestMethodWorker.run(TestMethodWorker.java:128)
at java.base/java.util.ArrayList.forEach(ArrayList.java:1596)
at org.testng.TestRunner.privateRun(TestRunner.java:819)
at org.testng.TestRunner.run(TestRunner.java:619)
at org.testng.SuiteRunner.runTest(SuiteRunner.java:443)
at org.testng.SuiteRunner$SuiteWorker.run(SuiteRunner.java:481)
at org.testng.internal.thread.ThreadUtil.lambda$execute$0(ThreadUtil.java:58)
at java.base/java.util.concurrent.FutureTask.run(FutureTask.java:317)
at java.base/java.util.concurrent.ThreadPoolExecutor.runWorker(ThreadPoolExecutor.java:1144)
at java.base/java.util.concurrent.ThreadPoolExecutor$Worker.run(ThreadPoolExecutor.java:642)
at java.base/java.lang.Thread.run(Thread.java:1583)
]]>
            </full-stacktrace>
          </exception> <!-- java.lang.AssertionError -->
          <reporter-output>
          </reporter-output>
        </test-method> <!-- testCartPersistenceAcrossSessions -->
        <test-method is-config="true" signature="tearDown()[pri:0, instance:tests.CartTests@780ec4a5]" started-at="2025-09-28T22:35:02 IST" name="tearDown" finished-at="2025-09-28T22:35:03 IST" duration-ms="945" status="PASS">
          <reporter-output>
          </reporter-output>
        </test-method> <!-- tearDown -->
        <test-method is-config="true" signature="initialSetup(java.lang.String)[pri:0, instance:tests.CartTests@780ec4a5]" started-at="2025-09-28T22:35:03 IST" name="initialSetup" finished-at="2025-09-28T22:35:06 IST" duration-ms="3423" status="PASS">
          <params>
            <param index="0">
              <value>
                <![CDATA[firefox]]>
              </value>
            </param>
          </params>
          <reporter-output>
          </reporter-output>
        </test-method> <!-- initialSetup -->
        <test-method signature="testPriceCalculationVerification()[pri:0, instance:tests.CartTests@780ec4a5]" started-at="2025-09-28T22:35:06 IST" name="testPriceCalculationVerification" finished-at="2025-09-28T22:35:12 IST" duration-ms="5711" status="PASS">
          <reporter-output>
          </reporter-output>
        </test-method> <!-- testPriceCalculationVerification -->
        <test-method is-config="true" signature="tearDown()[pri:0, instance:tests.CartTests@780ec4a5]" started-at="2025-09-28T22:35:12 IST" name="tearDown" finished-at="2025-09-28T22:35:13 IST" duration-ms="961" status="PASS">
          <reporter-output>
          </reporter-output>
        </test-method> <!-- tearDown -->
      </class> <!-- tests.CartTests -->
    </test> <!-- Firefox Tests -->
    <test started-at="2025-09-28T22:32:33 IST" name="Chrome Tests" finished-at="2025-09-28T22:36:08 IST" duration-ms="215142">
      <class name="tests.LoginTests">
        <test-method is-config="true" signature="initialSetup(java.lang.String)[pri:0, instance:tests.LoginTests@55e7a35c]" started-at="2025-09-28T22:32:34 IST" name="initialSetup" finished-at="2025-09-28T22:32:37 IST" duration-ms="3188" status="PASS">
          <params>
            <param index="0">
              <value>
                <![CDATA[chrome]]>
              </value>
            </param>
          </params>
          <reporter-output>
          </reporter-output>
        </test-method> <!-- initialSetup -->
        <test-method signature="loginWithValidData(java.lang.String,java.lang.String,boolean)[pri:0, instance:tests.LoginTests@55e7a35c]" started-at="2025-09-28T22:32:37 IST" name="loginWithValidData" description="Verifying with all valid credentials" data-provider="validLoginData" finished-at="2025-09-28T22:32:42 IST" duration-ms="4832" status="PASS">
          <params>
            <param index="0">
              <value>
                <![CDATA[Validuser1]]>
              </value>
            </param>
            <param index="1">
              <value>
                <![CDATA[validPass@123]]>
              </value>
            </param>
            <param index="2">
              <value>
                <![CDATA[true]]>
              </value>
            </param>
          </params>
          <reporter-output>
          </reporter-output>
        </test-method> <!-- loginWithValidData -->
        <test-method is-config="true" signature="tearDown()[pri:0, instance:tests.LoginTests@55e7a35c]" started-at="2025-09-28T22:32:43 IST" name="tearDown" finished-at="2025-09-28T22:32:43 IST" duration-ms="168" status="PASS">
          <reporter-output>
          </reporter-output>
        </test-method> <!-- tearDown -->
        <test-method is-config="true" signature="initialSetup(java.lang.String)[pri:0, instance:tests.LoginTests@55e7a35c]" started-at="2025-09-28T22:32:43 IST" name="initialSetup" finished-at="2025-09-28T22:32:45 IST" duration-ms="1490" status="PASS">
          <params>
            <param index="0">
              <value>
                <![CDATA[chrome]]>
              </value>
            </param>
          </params>
          <reporter-output>
          </reporter-output>
        </test-method> <!-- initialSetup -->
        <test-method signature="loginWithValidData(java.lang.String,java.lang.String,boolean)[pri:0, instance:tests.LoginTests@55e7a35c]" started-at="2025-09-28T22:32:45 IST" name="loginWithValidData" description="Verifying with all valid credentials" data-provider="validLoginData" finished-at="2025-09-28T22:32:50 IST" duration-ms="5190" status="PASS">
          <params>
            <param index="0">
              <value>
                <![CDATA[Validuser]]>
              </value>
            </param>
            <param index="1">
              <value>
                <![CDATA[validPass123]]>
              </value>
            </param>
            <param index="2">
              <value>
                <![CDATA[true]]>
              </value>
            </param>
          </params>
          <reporter-output>
          </reporter-output>
        </test-method> <!-- loginWithValidData -->
        <test-method is-config="true" signature="tearDown()[pri:0, instance:tests.LoginTests@55e7a35c]" started-at="2025-09-28T22:32:51 IST" name="tearDown" finished-at="2025-09-28T22:32:51 IST" duration-ms="167" status="PASS">
          <reporter-output>
          </reporter-output>
        </test-method> <!-- tearDown -->
        <test-method is-config="true" signature="initialSetup(java.lang.String)[pri:0, instance:tests.LoginTests@55e7a35c]" started-at="2025-09-28T22:32:51 IST" name="initialSetup" finished-at="2025-09-28T22:32:55 IST" duration-ms="3710" status="PASS">
          <params>
            <param index="0">
              <value>
                <![CDATA[chrome]]>
              </value>
            </param>
          </params>
          <reporter-output>
          </reporter-output>
        </test-method> <!-- initialSetup -->
        <test-method signature="loginWithValidData(java.lang.String,java.lang.String,boolean)[pri:0, instance:tests.LoginTests@55e7a35c]" started-at="2025-09-28T22:32:55 IST" name="loginWithValidData" description="Verifying with all valid credentials" data-provider="validLoginData" finished-at="2025-09-28T22:33:00 IST" duration-ms="5106" status="PASS">
          <params>
            <param index="0">
              <value>
                <![CDATA[Validuser_100]]>
              </value>
            </param>
            <param index="1">
              <value>
                <![CDATA[valid]]>
              </value>
            </param>
            <param index="2">
              <value>
                <![CDATA[true]]>
              </value>
            </param>
          </params>
          <reporter-output>
          </reporter-output>
        </test-method> <!-- loginWithValidData -->
        <test-method is-config="true" signature="tearDown()[pri:0, instance:tests.LoginTests@55e7a35c]" started-at="2025-09-28T22:33:01 IST" name="tearDown" finished-at="2025-09-28T22:33:01 IST" duration-ms="198" status="PASS">
          <reporter-output>
          </reporter-output>
        </test-method> <!-- tearDown -->
        <test-method is-config="true" signature="initialSetup(java.lang.String)[pri:0, instance:tests.LoginTests@55e7a35c]" started-at="2025-09-28T22:33:01 IST" name="initialSetup" finished-at="2025-09-28T22:33:04 IST" duration-ms="3159" status="PASS">
          <params>
            <param index="0">
              <value>
                <![CDATA[chrome]]>
              </value>
            </param>
          </params>
          <reporter-output>
          </reporter-output>
        </test-method> <!-- initialSetup -->
        <test-method signature="loginWithInvalidData(java.lang.String,java.lang.String,boolean)[pri:0, instance:tests.LoginTests@55e7a35c]" started-at="2025-09-28T22:33:04 IST" name="loginWithInvalidData" description="Verifying with all invalid credentials" data-provider="invalidLoginData" finished-at="2025-09-28T22:33:07 IST" duration-ms="3040" status="PASS">
          <params>
            <param index="0">
              <value>
                <![CDATA[invalidUser]]>
              </value>
            </param>
            <param index="1">
              <value>
                <![CDATA[validPass@123]]>
              </value>
            </param>
            <param index="2">
              <value>
                <![CDATA[false]]>
              </value>
            </param>
          </params>
          <reporter-output>
          </reporter-output>
        </test-method> <!-- loginWithInvalidData -->
        <test-method is-config="true" signature="tearDown()[pri:0, instance:tests.LoginTests@55e7a35c]" started-at="2025-09-28T22:33:08 IST" name="tearDown" finished-at="2025-09-28T22:33:08 IST" duration-ms="201" status="PASS">
          <reporter-output>
          </reporter-output>
        </test-method> <!-- tearDown -->
        <test-method is-config="true" signature="initialSetup(java.lang.String)[pri:0, instance:tests.LoginTests@55e7a35c]" started-at="2025-09-28T22:33:08 IST" name="initialSetup" finished-at="2025-09-28T22:33:10 IST" duration-ms="1636" status="PASS">
          <params>
            <param index="0">
              <value>
                <![CDATA[chrome]]>
              </value>
            </param>
          </params>
          <reporter-output>
          </reporter-output>
        </test-method> <!-- initialSetup -->
        <test-method signature="loginWithInvalidData(java.lang.String,java.lang.String,boolean)[pri:0, instance:tests.LoginTests@55e7a35c]" started-at="2025-09-28T22:33:10 IST" name="loginWithInvalidData" description="Verifying with all invalid credentials" data-provider="invalidLoginData" finished-at="2025-09-28T22:33:13 IST" duration-ms="3101" status="PASS">
          <params>
            <param index="0">
              <value>
                <![CDATA[Validuser1]]>
              </value>
            </param>
            <param index="1">
              <value>
                <![CDATA[ValidPass@123]]>
              </value>
            </param>
            <param index="2">
              <value>
                <![CDATA[false]]>
              </value>
            </param>
          </params>
          <reporter-output>
          </reporter-output>
        </test-method> <!-- loginWithInvalidData -->
        <test-method is-config="true" signature="tearDown()[pri:0, instance:tests.LoginTests@55e7a35c]" started-at="2025-09-28T22:33:14 IST" name="tearDown" finished-at="2025-09-28T22:33:14 IST" duration-ms="170" status="PASS">
          <reporter-output>
          </reporter-output>
        </test-method> <!-- tearDown -->
        <test-method is-config="true" signature="initialSetup(java.lang.String)[pri:0, instance:tests.LoginTests@55e7a35c]" started-at="2025-09-28T22:33:14 IST" name="initialSetup" finished-at="2025-09-28T22:33:18 IST" duration-ms="4081" status="PASS">
          <params>
            <param index="0">
              <value>
                <![CDATA[chrome]]>
              </value>
            </param>
          </params>
          <reporter-output>
          </reporter-output>
        </test-method> <!-- initialSetup -->
        <test-method signature="loginWithInvalidData(java.lang.String,java.lang.String,boolean)[pri:0, instance:tests.LoginTests@55e7a35c]" started-at="2025-09-28T22:33:18 IST" name="loginWithInvalidData" description="Verifying with all invalid credentials" data-provider="invalidLoginData" finished-at="2025-09-28T22:33:20 IST" duration-ms="2107" status="PASS">
          <params>
            <param index="0">
              <value>
                <![CDATA[invalidUser]]>
              </value>
            </param>
            <param index="1">
              <value>
                <![CDATA[wrongPass]]>
              </value>
            </param>
            <param index="2">
              <value>
                <![CDATA[false]]>
              </value>
            </param>
          </params>
          <reporter-output>
          </reporter-output>
        </test-method> <!-- loginWithInvalidData -->
        <test-method is-config="true" signature="tearDown()[pri:0, instance:tests.LoginTests@55e7a35c]" started-at="2025-09-28T22:33:21 IST" name="tearDown" finished-at="2025-09-28T22:33:21 IST" duration-ms="182" status="PASS">
          <reporter-output>
          </reporter-output>
        </test-method> <!-- tearDown -->
        <test-method is-config="true" signature="initialSetup(java.lang.String)[pri:0, instance:tests.LoginTests@55e7a35c]" started-at="2025-09-28T22:33:21 IST" name="initialSetup" finished-at="2025-09-28T22:33:23 IST" duration-ms="1730" status="PASS">
          <params>
            <param index="0">
              <value>
                <![CDATA[chrome]]>
              </value>
            </param>
          </params>
          <reporter-output>
          </reporter-output>
        </test-method> <!-- initialSetup -->
        <test-method signature="loginWithEmptyFields(java.lang.String,java.lang.String,boolean)[pri:0, instance:tests.LoginTests@55e7a35c]" started-at="2025-09-28T22:33:23 IST" name="loginWithEmptyFields" description="Verifying with all empty credentials" data-provider="emptyFields" finished-at="2025-09-28T22:33:24 IST" duration-ms="1047" status="PASS">
          <params>
            <param index="0">
              <value>
                <![CDATA[Validuser1]]>
              </value>
            </param>
            <param index="1">
              <value>
                <![CDATA[]]>
              </value>
            </param>
            <param index="2">
              <value>
                <![CDATA[true]]>
              </value>
            </param>
          </params>
          <reporter-output>
          </reporter-output>
        </test-method> <!-- loginWithEmptyFields -->
        <test-method is-config="true" signature="tearDown()[pri:0, instance:tests.LoginTests@55e7a35c]" started-at="2025-09-28T22:33:25 IST" name="tearDown" finished-at="2025-09-28T22:33:25 IST" duration-ms="210" status="PASS">
          <reporter-output>
          </reporter-output>
        </test-method> <!-- tearDown -->
        <test-method is-config="true" signature="initialSetup(java.lang.String)[pri:0, instance:tests.LoginTests@55e7a35c]" started-at="2025-09-28T22:33:25 IST" name="initialSetup" finished-at="2025-09-28T22:33:29 IST" duration-ms="4343" status="PASS">
          <params>
            <param index="0">
              <value>
                <![CDATA[chrome]]>
              </value>
            </param>
          </params>
          <reporter-output>
          </reporter-output>
        </test-method> <!-- initialSetup -->
        <test-method signature="loginWithEmptyFields(java.lang.String,java.lang.String,boolean)[pri:0, instance:tests.LoginTests@55e7a35c]" started-at="2025-09-28T22:33:29 IST" name="loginWithEmptyFields" description="Verifying with all empty credentials" data-provider="emptyFields" finished-at="2025-09-28T22:33:31 IST" duration-ms="1257" status="PASS">
          <params>
            <param index="0">
              <value>
                <![CDATA[]]>
              </value>
            </param>
            <param index="1">
              <value>
                <![CDATA[]]>
              </value>
            </param>
            <param index="2">
              <value>
                <![CDATA[true]]>
              </value>
            </param>
          </params>
          <reporter-output>
          </reporter-output>
        </test-method> <!-- loginWithEmptyFields -->
        <test-method is-config="true" signature="tearDown()[pri:0, instance:tests.LoginTests@55e7a35c]" started-at="2025-09-28T22:33:32 IST" name="tearDown" finished-at="2025-09-28T22:33:32 IST" duration-ms="238" status="PASS">
          <reporter-output>
          </reporter-output>
        </test-method> <!-- tearDown -->
      </class> <!-- tests.LoginTests -->
      <class name="tests.RegistrationTest">
        <test-method is-config="true" signature="initialSetup(java.lang.String)[pri:0, instance:tests.RegistrationTest@37cd92d6]" started-at="2025-09-28T22:33:32 IST" name="initialSetup" finished-at="2025-09-28T22:33:35 IST" duration-ms="3610" status="PASS">
          <params>
            <param index="0">
              <value>
                <![CDATA[chrome]]>
              </value>
            </param>
          </params>
          <reporter-output>
          </reporter-output>
        </test-method> <!-- initialSetup -->
        <test-method signature="testSignUp(java.lang.String,java.lang.String,boolean)[pri:0, instance:tests.RegistrationTest@37cd92d6]" started-at="2025-09-28T22:33:35 IST" name="testSignUp" description="Verifying with all valid credentials" data-provider="validRegistrationData" finished-at="2025-09-28T22:33:38 IST" duration-ms="2187" status="FAIL">
          <params>
            <param index="0">
              <value>
                <![CDATA[Validuser13]]>
              </value>
            </param>
            <param index="1">
              <value>
                <![CDATA[ValidPass@123]]>
              </value>
            </param>
            <param index="2">
              <value>
                <![CDATA[true]]>
              </value>
            </param>
          </params>
          <exception class="java.lang.AssertionError">
            <message>
              <![CDATA[Testcase failed. Registration blocked: User already exists.]]>
            </message>
            <full-stacktrace>
              <![CDATA[java.lang.AssertionError: Testcase failed. Registration blocked: User already exists.
at org.testng.Assert.fail(Assert.java:111)
at tests.RegistrationTest.testSignUp(RegistrationTest.java:67)
at java.base/jdk.internal.reflect.DirectMethodHandleAccessor.invoke(DirectMethodHandleAccessor.java:103)
at java.base/java.lang.reflect.Method.invoke(Method.java:580)
at org.testng.internal.invokers.MethodInvocationHelper.invokeMethod(MethodInvocationHelper.java:139)
at org.testng.internal.invokers.TestInvoker.invokeMethod(TestInvoker.java:664)
at org.testng.internal.invokers.TestInvoker.invokeTestMethod(TestInvoker.java:228)
at org.testng.internal.invokers.MethodRunner.runInSequence(MethodRunner.java:63)
at org.testng.internal.invokers.TestInvoker$MethodInvocationAgent.invoke(TestInvoker.java:961)
at org.testng.internal.invokers.TestInvoker.invokeTestMethods(TestInvoker.java:201)
at org.testng.internal.invokers.TestMethodWorker.invokeTestMethods(TestMethodWorker.java:148)
at org.testng.internal.invokers.TestMethodWorker.run(TestMethodWorker.java:128)
at java.base/java.util.ArrayList.forEach(ArrayList.java:1596)
at org.testng.TestRunner.privateRun(TestRunner.java:819)
at org.testng.TestRunner.run(TestRunner.java:619)
at org.testng.SuiteRunner.runTest(SuiteRunner.java:443)
at org.testng.SuiteRunner$SuiteWorker.run(SuiteRunner.java:481)
at org.testng.internal.thread.ThreadUtil.lambda$execute$0(ThreadUtil.java:58)
at java.base/java.util.concurrent.FutureTask.run(FutureTask.java:317)
at java.base/java.util.concurrent.ThreadPoolExecutor.runWorker(ThreadPoolExecutor.java:1144)
at java.base/java.util.concurrent.ThreadPoolExecutor$Worker.run(ThreadPoolExecutor.java:642)
at java.base/java.lang.Thread.run(Thread.java:1583)
]]>
            </full-stacktrace>
          </exception> <!-- java.lang.AssertionError -->
          <reporter-output>
          </reporter-output>
        </test-method> <!-- testSignUp -->
        <test-method is-config="true" signature="tearDown()[pri:0, instance:tests.RegistrationTest@37cd92d6]" started-at="2025-09-28T22:33:38 IST" name="tearDown" finished-at="2025-09-28T22:33:39 IST" duration-ms="182" status="PASS">
          <reporter-output>
          </reporter-output>
        </test-method> <!-- tearDown -->
      </class> <!-- tests.RegistrationTest -->
      <class name="tests.SearchTests">
        <test-method is-config="true" signature="initialSetup(java.lang.String)[pri:0, instance:tests.SearchTests@5922ae77]" started-at="2025-09-28T22:33:39 IST" name="initialSetup" finished-at="2025-09-28T22:33:41 IST" duration-ms="1793" status="PASS">
          <params>
            <param index="0">
              <value>
                <![CDATA[chrome]]>
              </value>
            </param>
          </params>
          <reporter-output>
          </reporter-output>
        </test-method> <!-- initialSetup -->
        <test-method signature="testSearchByCategory(java.lang.String,java.lang.String)[pri:0, instance:tests.SearchTests@5922ae77]" started-at="2025-09-28T22:33:41 IST" name="testSearchByCategory" description="Searching by category" data-provider="searchByCategory" finished-at="2025-09-28T22:33:43 IST" duration-ms="2855" status="PASS">
          <params>
            <param index="0">
              <value>
                <![CDATA[Apple monitor 24]]>
              </value>
            </param>
            <param index="1">
              <value>
                <![CDATA[Monitors]]>
              </value>
            </param>
          </params>
          <reporter-output>
          </reporter-output>
[...]
          <exception class="java.lang.AssertionError">
            <message>
              <![CDATA[Validation failed for user type: Guest expected [Shipping address required] but found [Thank you for your purchase!]]]>
            </message>
            <full-stacktrace>
              <![CDATA[java.lang.AssertionError: Validation failed for user type: Guest expected [Shipping address required] but found [Thank you for your purchase!]
at org.testng.Assert.fail(Assert.java:111)
at org.testng.Assert.failNotEquals(Assert.java:1578)
at org.testng.Assert.assertEqualsImpl(Assert.java:150)
at org.testng.Assert.assertEquals(Assert.java:132)
at org.testng.Assert.assertEquals(Assert.java:656)
at tests.CheckoutTests.runCheckoutTest(CheckoutTests.java:104)
at tests.CheckoutTests.testWithMissingShippingAddress(CheckoutTests.java:123)
at java.base/jdk.internal.reflect.DirectMethodHandleAccessor.invoke(DirectMethodHandleAccessor.java:103)
at java.base/java.lang.reflect.Method.invoke(Method.java:580)
at org.testng.internal.invokers.MethodInvocationHelper.invokeMethod(MethodInvocationHelper.java:139)
at org.testng.internal.invokers.TestInvoker.invokeMethod(TestInvoker.java:664)
at org.testng.internal.invokers.TestInvoker.invokeTestMethod(TestInvoker.java:228)
at org.testng.internal.invokers.MethodRunner.runInSequence(MethodRunner.java:63)
at org.testng.internal.invokers.TestInvoker$MethodInvocationAgent.invoke(TestInvoker.java:961)
at org.testng.internal.invokers.TestInvoker.invokeTestMethods(TestInvoker.java:201)
at org.testng.internal.invokers.TestMethodWorker.invokeTestMethods(TestMethodWorker.java:148)
at org.testng.internal.invokers.TestMethodWorker.run(TestMethodWorker.java:128)
at java.base/java.util.ArrayList.forEach(ArrayList.java:1596)
at org.testng.TestRunner.privateRun(TestRunner.java:819)
at org.testng.TestRunner.run(TestRunner.java:619)
at org.testng.SuiteRunner.runTest(SuiteRunner.java:443)
at org.testng.SuiteRunner$SuiteWorker.run(SuiteRunner.java:481)
at org.testng.internal.thread.ThreadUtil.lambda$execute$0(ThreadUtil.java:58)
at java.base/java.util.concurrent.FutureTask.run(FutureTask.java:317)
at java.base/java.util.concurrent.ThreadPoolExecutor.runWorker(ThreadPoolExecutor.java:1144)
at java.base/java.util.concurrent.ThreadPoolExecutor$Worker.run(ThreadPoolExecutor.java:642)
at java.base/java.lang.Thread.run(Thread.java:1583)
]]>
            </full-stacktrace>
          </exception> <!-- java.lang.AssertionError -->
          <reporter-output>
          </reporter-output>
        </test-method> <!-- testWithMissingShippingAddress -->
        <test-method is-config="true" signature="tearDown()[pri:0, instance:tests.CheckoutTests@2af616d3]" started-at="2025-09-28T22:35:50 IST" name="tearDown" finished-at="2025-09-28T22:35:50 IST" duration-ms="238" status="PASS">
          <reporter-output>
          </reporter-output>
        </test-method> <!-- tearDown -->
        <test-method is-config="true" signature="initialSetup(java.lang.String)[pri:0, instance:tests.CheckoutTests@2af616d3]" started-at="2025-09-28T22:35:50 IST" name="initialSetup" finished-at="2025-09-28T22:35:51 IST" duration-ms="819" status="PASS">
          <params>
            <param index="0">
              <value>
                <![CDATA[chrome]]>
              </value>
            </param>
          </params>
          <reporter-output>
          </reporter-output>
        </test-method> <!-- initialSetup -->
        <test-method signature="testWithMissingPaymentMethod()[pri:0, instance:tests.CheckoutTests@2af616d3]" started-at="2025-09-28T22:35:51 IST" name="testWithMissingPaymentMethod" finished-at="2025-09-28T22:35:51 IST" duration-ms="22" status="FAIL">
          <exception class="java.lang.RuntimeException">
            <message>
              <![CDATA[Scenario not found for: Registered, 789 Oak St, TX, ]]>
            </message>
            <full-stacktrace>
              <![CDATA[java.lang.RuntimeException: Scenario not found for: Registered, 789 Oak St, TX, 
at tests.CheckoutTests.lambda$1(CheckoutTests.java:64)
at java.base/java.util.Optional.orElseThrow(Optional.java:403)
at tests.CheckoutTests.getScenario(CheckoutTests.java:64)
at tests.CheckoutTests.testWithMissingPaymentMethod(CheckoutTests.java:128)
at java.base/jdk.internal.reflect.DirectMethodHandleAccessor.invoke(DirectMethodHandleAccessor.java:103)
at java.base/java.lang.reflect.Method.invoke(Method.java:580)
at org.testng.internal.invokers.MethodInvocationHelper.invokeMethod(MethodInvocationHelper.java:139)
at org.testng.internal.invokers.TestInvoker.invokeMethod(TestInvoker.java:664)
at org.testng.internal.invokers.TestInvoker.invokeTestMethod(TestInvoker.java:228)
at org.testng.internal.invokers.MethodRunner.runInSequence(MethodRunner.java:63)
at org.testng.internal.invokers.TestInvoker$MethodInvocationAgent.invoke(TestInvoker.java:961)
at org.testng.internal.invokers.TestInvoker.invokeTestMethods(TestInvoker.java:201)
at org.testng.internal.invokers.TestMethodWorker.invokeTestMethods(TestMethodWorker.java:148)
at org.testng.internal.invokers.TestMethodWorker.run(TestMethodWorker.java:128)
at java.base/java.util.ArrayList.forEach(ArrayList.java:1596)
at org.testng.TestRunner.privateRun(TestRunner.java:819)
at org.testng.TestRunner.run(TestRunner.java:619)
at org.testng.SuiteRunner.runTest(SuiteRunner.java:443)
at org.testng.SuiteRunner$SuiteWorker.run(SuiteRunner.java:481)
at org.testng.internal.thread.ThreadUtil.lambda$execute$0(ThreadUtil.java:58)
at java.base/java.util.concurrent.FutureTask.run(FutureTask.java:317)
at java.base/java.util.concurrent.ThreadPoolExecutor.runWorker(ThreadPoolExecutor.java:1144)
at java.base/java.util.concurrent.ThreadPoolExecutor$Worker.run(ThreadPoolExecutor.java:642)
at java.base/java.lang.Thread.run(Thread.java:1583)
]]>
            </full-stacktrace>
          </exception> <!-- java.lang.RuntimeException -->
          <reporter-output>
          </reporter-output>
        </test-method> <!-- testWithMissingPaymentMethod -->
        <test-method is-config="true" signature="tearDown()[pri:0, instance:tests.CheckoutTests@2af616d3]" started-at="2025-09-28T22:35:51 IST" name="tearDown" finished-at="2025-09-28T22:35:51 IST" duration-ms="197" status="PASS">
          <reporter-output>
          </reporter-output>
        </test-method> <!-- tearDown -->
        <test-method is-config="true" signature="initialSetup(java.lang.String)[pri:0, instance:tests.CheckoutTests@2af616d3]" started-at="2025-09-28T22:35:51 IST" name="initialSetup" finished-at="2025-09-28T22:35:52 IST" duration-ms="1002" status="PASS">
          <params>
            <param index="0">
              <value>
                <![CDATA[chrome]]>
              </value>
            </param>
          </params>
          <reporter-output>
          </reporter-output>
        </test-method> <!-- initialSetup -->
        <test-method signature="testGuestCheckoutWithDebitCard()[pri:0, instance:tests.CheckoutTests@2af616d3]" started-at="2025-09-28T22:35:52 IST" name="testGuestCheckoutWithDebitCard" finished-at="2025-09-28T22:36:07 IST" duration-ms="14960" status="PASS">
          <reporter-output>
          </reporter-output>
        </test-method> <!-- testGuestCheckoutWithDebitCard -->
        <test-method is-config="true" signature="tearDown()[pri:0, instance:tests.CheckoutTests@2af616d3]" started-at="2025-09-28T22:36:08 IST" name="tearDown" finished-at="2025-09-28T22:36:08 IST" duration-ms="238" status="PASS">
          <reporter-output>
          </reporter-output>
        </test-method> <!-- tearDown -->
      </class> <!-- tests.CheckoutTests -->
      <class name="tests.CartTests">
        <test-method is-config="true" signature="initialSetup(java.lang.String)[pri:0, instance:tests.CartTests@4263b080]" started-at="2025-09-28T22:34:04 IST" name="initialSetup" finished-at="2025-09-28T22:34:08 IST" duration-ms="3788" status="PASS">
          <params>
            <param index="0">
              <value>
                <![CDATA[chrome]]>
              </value>
            </param>
          </params>
          <reporter-output>
          </reporter-output>
        </test-method> <!-- initialSetup -->
        <test-method signature="testAddProductToCart(java.lang.String,java.lang.String,double,double)[pri:0, instance:tests.CartTests@4263b080]" started-at="2025-09-28T22:34:08 IST" name="testAddProductToCart" data-provider="addTocart" finished-at="2025-09-28T22:34:13 IST" duration-ms="5254" status="PASS">
          <params>
            <param index="0">
              <value>
                <![CDATA[Samsung galaxy s6]]>
              </value>
            </param>
            <param index="1">
              <value>
                <![CDATA[Add]]>
              </value>
            </param>
            <param index="2">
              <value>
                <![CDATA[1.0]]>
              </value>
            </param>
            <param index="3">
              <value>
                <![CDATA[360.0]]>
              </value>
            </param>
          </params>
          <reporter-output>
          </reporter-output>
        </test-method> <!-- testAddProductToCart -->
        <test-method is-config="true" signature="tearDown()[pri:0, instance:tests.CartTests@4263b080]" started-at="2025-09-28T22:34:14 IST" name="tearDown" finished-at="2025-09-28T22:34:14 IST" duration-ms="190" status="PASS">
          <reporter-output>
          </reporter-output>
        </test-method> <!-- tearDown -->
        <test-method is-config="true" signature="initialSetup(java.lang.String)[pri:0, instance:tests.CartTests@4263b080]" started-at="2025-09-28T22:34:14 IST" name="initialSetup" finished-at="2025-09-28T22:34:15 IST" duration-ms="1131" status="PASS">
          <params>
            <param index="0">
              <value>
                <![CDATA[chrome]]>
              </value>
            </param>
          </params>
          <reporter-output>
          </reporter-output>
        </test-method> <!-- initialSetup -->
        <test-method signature="testAddProductToCart(java.lang.String,java.lang.String,double,double)[pri:0, instance:tests.CartTests@4263b080]" started-at="2025-09-28T22:34:15 IST" name="testAddProductToCart" data-provider="addTocart" finished-at="2025-09-28T22:34:23 IST" duration-ms="7954" status="PASS">
          <params>
            <param index="0">
              <value>
                <![CDATA[Sony vaio i5]]>
              </value>
            </param>
            <param index="1">
              <value>
                <![CDATA[Add]]>
              </value>
            </param>
            <param index="2">
              <value>
                <![CDATA[1.0]]>
              </value>
            </param>
            <param index="3">
              <value>
                <![CDATA[790.0]]>
              </value>
            </param>
          </params>
          <reporter-output>
          </reporter-output>
        </test-method> <!-- testAddProductToCart -->
        <test-method is-config="true" signature="tearDown()[pri:0, instance:tests.CartTests@4263b080]" started-at="2025-09-28T22:34:24 IST" name="tearDown" finished-at="2025-09-28T22:34:24 IST" duration-ms="189" status="PASS">
          <reporter-output>
          </reporter-output>
        </test-method> <!-- tearDown -->
        <test-method is-config="true" signature="initialSetup(java.lang.String)[pri:0, instance:tests.CartTests@4263b080]" started-at="2025-09-28T22:34:24 IST" name="initialSetup" finished-at="2025-09-28T22:34:29 IST" duration-ms="4256" status="PASS">
          <params>
            <param index="0">
              <value>
                <![CDATA[chrome]]>
              </value>
            </param>
          </params>
          <reporter-output>
          </reporter-output>
        </test-method> <!-- initialSetup -->
        <test-method signature="testRemoveProductFromCart(java.lang.String,java.lang.String,double,double)[pri:0, instance:tests.CartTests@4263b080]" started-at="2025-09-28T22:34:29 IST" name="testRemoveProductFromCart" data-provider="removeFromcart" finished-at="2025-09-28T22:34:35 IST" duration-ms="6564" status="PASS">
          <params>
            <param index="0">
              <value>
                <![CDATA[Samsung galaxy s6]]>
              </value>
            </param>
            <param index="1">
              <value>
                <![CDATA[Remove]]>
              </value>
            </param>
            <param index="2">
              <value>
                <![CDATA[0.0]]>
              </value>
            </param>
            <param index="3">
              <value>
                <![CDATA[0.0]]>
              </value>
            </param>
          </params>
          <reporter-output>
          </reporter-output>
        </test-method> <!-- testRemoveProductFromCart -->
        <test-method is-config="true" signature="tearDown()[pri:0, instance:tests.CartTests@4263b080]" started-at="2025-09-28T22:34:36 IST" name="tearDown" finished-at="2025-09-28T22:34:36 IST" duration-ms="242" status="PASS">
          <reporter-output>
          </reporter-output>
        </test-method> <!-- tearDown -->
        <test-method is-config="true" signature="initialSetup(java.lang.String)[pri:0, instance:tests.CartTests@4263b080]" started-at="2025-09-28T22:34:36 IST" name="initialSetup" finished-at="2025-09-28T22:34:38 IST" duration-ms="1552" status="PASS">
          <params>
            <param index="0">
              <value>
                <![CDATA[chrome]]>
              </value>
            </param>
          </params>
          <reporter-output>
          </reporter-output>
        </test-method> <!-- initialSetup -->
        <test-method signature="testRemoveProductFromCart(java.lang.String,java.lang.String,double,double)[pri:0, instance:tests.CartTests@4263b080]" started-at="2025-09-28T22:34:38 IST" name="testRemoveProductFromCart" data-provider="removeFromcart" finished-at="2025-09-28T22:34:46 IST" duration-ms="8787" status="PASS">
          <params>
            <param index="0">
              <value>
                <![CDATA[Sony vaio i5]]>
              </value>
            </param>
            <param index="1">
              <value>
                <![CDATA[Remove]]>
              </value>
            </param>
            <param index="2">
              <value>
                <![CDATA[0.0]]>
              </value>
            </param>
            <param index="3">
              <value>
                <![CDATA[0.0]]>
              </value>
            </param>
          </params>
          <reporter-output>
          </reporter-output>
        </test-method> <!-- testRemoveProductFromCart -->
        <test-method is-config="true" signature="tearDown()[pri:0, instance:tests.CartTests@4263b080]" started-at="2025-09-28T22:34:47 IST" name="tearDown" finished-at="2025-09-28T22:34:47 IST" duration-ms="240" status="PASS">
          <reporter-output>
          </reporter-output>
        </test-method> <!-- tearDown -->
        <test-method is-config="true" signature="initialSetup(java.lang.String)[pri:0, instance:tests.CartTests@4263b080]" started-at="2025-09-28T22:34:47 IST" name="initialSetup" finished-at="2025-09-28T22:34:50 IST" duration-ms="3154" status="PASS">
          <params>
            <param index="0">
              <value>
                <![CDATA[chrome]]>
              </value>
            </param>
          </params>
          <reporter-output>
          </reporter-output>
        </test-method> <!-- initialSetup -->
        <test-method signature="testCartPersistenceAcrossSessions()[pri:0, instance:tests.CartTests@4263b080]" started-at="2025-09-28T22:34:50 IST" name="testCartPersistenceAcrossSessions" finished-at="2025-09-28T22:35:03 IST" duration-ms="12704" status="FAIL">
          <exception class="java.lang.AssertionError">
            <message>
              <![CDATA[Testcase failed: Product was not found after restarting session. expected [true] but found [false]]]>
            </message>
            <full-stacktrace>
              <![CDATA[java.lang.AssertionError: Testcase failed: Product was not found after restarting session. expected [true] but found [false]
at org.testng.Assert.fail(Assert.java:111)
at org.testng.Assert.failNotEquals(Assert.java:1578)
at org.testng.Assert.assertTrue(Assert.java:57)
at tests.CartTests.testCartPersistenceAcrossSessions(CartTests.java:151)
at java.base/jdk.internal.reflect.DirectMethodHandleAccessor.invoke(DirectMethodHandleAccessor.java:103)
at java.base/java.lang.reflect.Method.invoke(Method.java:580)
at org.testng.internal.invokers.MethodInvocationHelper.invokeMethod(MethodInvocationHelper.java:139)
at org.testng.internal.invokers.TestInvoker.invokeMethod(TestInvoker.java:664)
at org.testng.internal.invokers.TestInvoker.invokeTestMethod(TestInvoker.java:228)
at org.testng.internal.invokers.MethodRunner.runInSequence(MethodRunner.java:63)
at org.testng.internal.invokers.TestInvoker$MethodInvocationAgent.invoke(TestInvoker.java:961)
at org.testng.internal.invokers.TestInvoker.invokeTestMethods(TestInvoker.java:201)
at org.testng.internal.invokers.TestMethodWorker.invokeTestMethods(TestMethodWorker.java:148)
at org.testng.internal.invokers.TestMethodWorker.run(TestMethodWorker.java:128)
at java.base/java.util.ArrayList.forEach(ArrayList.java:1596)
at org.testng.TestRunner.privateRun(TestRunner.java:819)
at org.testng.TestRunner.run(TestRunner.java:619)
at org.testng.SuiteRunner.runTest(SuiteRunner.java:443)
at org.testng.SuiteRunner$SuiteWorker.run(SuiteRunner.java:481)
at org.testng.internal.thread.ThreadUtil.lambda$execute$0(ThreadUtil.java:58)
at java.base/java.util.concurrent.FutureTask.run(FutureTask.java:317)
at java.base/java.util.concurrent.ThreadPoolExecutor.runWorker(ThreadPoolExecutor.java:1144)
at java.base/java.util.concurrent.ThreadPoolExecutor$Worker.run(ThreadPoolExecutor.java:642)
at java.base/java.lang.Thread.run(Thread.java:1583)
]]>
            </full-stacktrace>
          </exception> <!-- java.lang.AssertionError -->
          <reporter-output>
          </reporter-output>
        </test-method> <!-- testCartPersistenceAcrossSessions -->
        <test-method is-config="true" signature="tearDown()[pri:0, instance:tests.CartTests@4263b080]" started-at="2025-09-28T22:35:03 IST" name="tearDown" finished-at="2025-09-28T22:35:04 IST" duration-ms="957" status="PASS">
          <reporter-output>
          </reporter-output>
        </test-method> <!-- tearDown -->
        <test-method is-config="true" signature="initialSetup(java.lang.String)[pri:0, instance:tests.CartTests@4263b080]" started-at="2025-09-28T22:35:04 IST" name="initialSetup" finished-at="2025-09-28T22:35:08 IST" duration-ms="3957" status="PASS">
          <params>
            <param index="0">
              <value>
                <![CDATA[chrome]]>
              </value>
            </param>
          </params>
          <reporter-output>
          </reporter-output>
        </test-method> <!-- initialSetup -->
        <test-method signature="testPriceCalculationVerification()[pri:0, instance:tests.CartTests@4263b080]" started-at="2025-09-28T22:35:08 IST" name="testPriceCalculationVerification" finished-at="2025-09-28T22:35:13 IST" duration-ms="5342" status="PASS">
          <reporter-output>
          </reporter-output>
        </test-method> <!-- testPriceCalculationVerification -->
        <test-method is-config="true" signature="tearDown()[pri:0, instance:tests.CartTests@4263b080]" started-at="2025-09-28T22:35:14 IST" name="tearDown" finished-at="2025-09-28T22:35:14 IST" duration-ms="255" status="PASS">
          <reporter-output>
          </reporter-output>
        </test-method> <!-- tearDown -->
      </class> <!-- tests.CartTests -->
    </test> <!-- Chrome Tests -->
  </suite> <!-- All Test Suite -->
</testng-results>
