<?xml version="1.0" encoding="UTF-8"?>
<!-- Generated by org.testng.reporters.JUnitReportReporter -->
<testsuite hostname="3b7b2133aad05b1" failures="0" tests="16" name="tests.LoginTests" time="128.887" errors="0" timestamp="2025-09-25T16:06:26 IST" skipped="0">
  <testcase classname="tests.LoginTests" name="loginWithInvalidData" time="8.107"/>
  <testcase classname="tests.LoginTests" name="loginWithInvalidData" time="8.310"/>
  <testcase classname="tests.LoginTests" name="loginWithValidData" time="7.815"/>
  <testcase classname="tests.LoginTests" name="loginWithEmptyFields" time="5.408"/>
  <testcase classname="tests.LoginTests" name="loginWithValidData" time="10.804"/>
  <testcase classname="tests.LoginTests" name="loginWithInvalidData" time="6.054"/>
  <testcase classname="tests.LoginTests" name="loginWithEmptyFields" time="7.584"/>
  <testcase classname="tests.LoginTests" name="loginWithInvalidData" time="7.509"/>
  <testcase classname="tests.LoginTests" name="loginWithValidData" time="8.503"/>
  <testcase classname="tests.LoginTests" name="loginWithValidData" time="11.436"/>
  <testcase classname="tests.LoginTests" name="loginWithValidData" time="10.785"/>
  <testcase classname="tests.LoginTests" name="loginWithEmptyFields" time="9.015"/>
  <testcase classname="tests.LoginTests" name="loginWithInvalidData" time="7.205"/>
  <testcase classname="tests.LoginTests" name="loginWithEmptyFields" time="3.618"/>
  <testcase classname="tests.LoginTests" name="loginWithValidData" time="7.658"/>
  <testcase classname="tests.LoginTests" name="loginWithInvalidData" time="9.076"/>
</testsuite> <!-- tests.LoginTests -->
