<?xml version="1.0" encoding="UTF-8"?>
<!-- Generated by org.testng.reporters.JUnitReportReporter -->
<testsuite hostname="3b7b2133aad05b1" failures="0" tests="16" name="tests.LoginTests" time="108.375" errors="0" timestamp="2025-09-28T22:36:08 IST" skipped="0">
  <testcase classname="tests.LoginTests" name="loginWithValidData" time="8.599"/>
  <testcase classname="tests.LoginTests" name="loginWithValidData" time="7.118"/>
  <testcase classname="tests.LoginTests" name="loginWithEmptyFields" time="4.683"/>
  <testcase classname="tests.LoginTests" name="loginWithInvalidData" time="5.984"/>
  <testcase classname="tests.LoginTests" name="loginWithInvalidData" time="6.558"/>
  <testcase classname="tests.LoginTests" name="loginWithInvalidData" time="4.759"/>
  <testcase classname="tests.LoginTests" name="loginWithValidData" time="9.286"/>
  <testcase classname="tests.LoginTests" name="loginWithInvalidData" time="7.561"/>
  <testcase classname="tests.LoginTests" name="loginWithValidData" time="8.946"/>
  <testcase classname="tests.LoginTests" name="loginWithInvalidData" time="6.292"/>
  <testcase classname="tests.LoginTests" name="loginWithValidData" time="6.924"/>
  <testcase classname="tests.LoginTests" name="loginWithEmptyFields" time="5.051"/>
  <testcase classname="tests.LoginTests" name="loginWithValidData" time="9.385"/>
  <testcase classname="tests.LoginTests" name="loginWithEmptyFields" time="4.407"/>
  <testcase classname="tests.LoginTests" name="loginWithEmptyFields" time="5.531"/>
  <testcase classname="tests.LoginTests" name="loginWithInvalidData" time="7.291"/>
</testsuite> <!-- tests.LoginTests -->
